*********************************************************************
* LD Score Regression (LDSC)
* Version 1.0.0
* (C) 2014-2015 Brendan Bulik-Sullivan and Hilary Finucane
* Broad Institute of MIT and Harvard / MIT Department of Mathematics
* GNU General Public License v3
*********************************************************************
Call: 
./ldsc.py \
--print-snps /proj/hyejunglab/program/ldsc/LDSC/list.txt \
--ld-wind-cm 1.0 \
--out /proj/hyejunglab/crossdisorder/LDSC/partherit/SCZ_expression/eQTL//11 \
--bfile /proj/hyejunglab/program/ldsc/LDSC/1000G_EUR_Phase3_plink/1000G.EUR.QC.11 \
--annot /proj/hyejunglab/crossdisorder/LDSC/partherit/SCZ_expression/eQTL//11.annot.gz \
--l2  

Beginning analysis at Sun Nov 17 19:09:09 2019
Read list of 493922 SNPs from /proj/hyejunglab/program/ldsc/LDSC/1000G_EUR_Phase3_plink/1000G.EUR.QC.11.bim
Read 2 annotations for 493922 SNPs from /proj/hyejunglab/crossdisorder/LDSC/partherit/SCZ_expression/eQTL//11.annot.gz
Read list of 489 individuals from /proj/hyejunglab/program/ldsc/LDSC/1000G_EUR_Phase3_plink/1000G.EUR.QC.11.fam
Reading genotypes from /proj/hyejunglab/program/ldsc/LDSC/1000G_EUR_Phase3_plink/1000G.EUR.QC.11.bed
Estimating LD Score.
Reading list of 1190321 SNPs for which to print LD Scores from /proj/hyejunglab/program/ldsc/LDSC/list.txt
After merging with --print-snps, LD Scores for 60977 SNPs will be printed.
Writing LD Scores for 60977 SNPs to /proj/hyejunglab/crossdisorder/LDSC/partherit/SCZ_expression/eQTL//11.l2.ldscore.gz

Summary of LD Scores in /proj/hyejunglab/crossdisorder/LDSC/partherit/SCZ_expression/eQTL//11.l2.ldscore.gz
         MAF  SCZ_DEG_upL2  SCZ_DEG_downL2
mean  0.2398        5.5934         14.5823
std   0.1420       18.9688         81.9472
min   0.0051       -0.9856         -4.1828
25%   0.1155        0.0000          0.0000
50%   0.2301        0.0698          0.0101
75%   0.3609        1.3399          0.7436
max   0.5000      265.0330       1095.7838

MAF/LD Score Correlation Matrix
                   MAF  SCZ_DEG_upL2  SCZ_DEG_downL2
MAF             1.0000        0.0424         -0.0074
SCZ_DEG_upL2    0.0424        1.0000          0.2654
SCZ_DEG_downL2 -0.0074        0.2654          1.0000

LD Score Matrix Condition Number
4.436

Annotation Correlation Matrix
              SCZ_DEG_up  SCZ_DEG_down
SCZ_DEG_up        1.0000        0.0155
SCZ_DEG_down      0.0155        1.0000

Annotation Matrix Column Sums
SCZ_DEG_up      10823
SCZ_DEG_down    11976

Summary of Annotation Matrix Row Sums
count    493922.0000
mean          0.0462
std           0.2140
min           0.0000
25%           0.0000
50%           0.0000
75%           0.0000
max           2.0000
Analysis finished at Sun Nov 17 19:14:58 2019
Total time elapsed: 5.0m:49.1s
