*********************************************************************
* LD Score Regression (LDSC)
* Version 1.0.0
* (C) 2014-2015 Brendan Bulik-Sullivan and Hilary Finucane
* Broad Institute of MIT and Harvard / MIT Department of Mathematics
* GNU General Public License v3
*********************************************************************
Call: 
./ldsc.py \
--print-snps /proj/hyejunglab/program/ldsc/LDSC/list.txt \
--ld-wind-cm 1.0 \
--out /proj/hyejunglab/crossdisorder/LDSC/partherit/SCZ_expression/eQTL//13 \
--bfile /proj/hyejunglab/program/ldsc/LDSC/1000G_EUR_Phase3_plink/1000G.EUR.QC.13 \
--annot /proj/hyejunglab/crossdisorder/LDSC/partherit/SCZ_expression/eQTL//13.annot.gz \
--l2  

Beginning analysis at Sun Nov 17 19:09:54 2019
Read list of 366200 SNPs from /proj/hyejunglab/program/ldsc/LDSC/1000G_EUR_Phase3_plink/1000G.EUR.QC.13.bim
Read 2 annotations for 366200 SNPs from /proj/hyejunglab/crossdisorder/LDSC/partherit/SCZ_expression/eQTL//13.annot.gz
Read list of 489 individuals from /proj/hyejunglab/program/ldsc/LDSC/1000G_EUR_Phase3_plink/1000G.EUR.QC.13.fam
Reading genotypes from /proj/hyejunglab/program/ldsc/LDSC/1000G_EUR_Phase3_plink/1000G.EUR.QC.13.bed
Estimating LD Score.
Reading list of 1190321 SNPs for which to print LD Scores from /proj/hyejunglab/program/ldsc/LDSC/list.txt
After merging with --print-snps, LD Scores for 45546 SNPs will be printed.
Writing LD Scores for 45546 SNPs to /proj/hyejunglab/crossdisorder/LDSC/partherit/SCZ_expression/eQTL//13.l2.ldscore.gz

Summary of LD Scores in /proj/hyejunglab/crossdisorder/LDSC/partherit/SCZ_expression/eQTL//13.l2.ldscore.gz
         MAF  SCZ_DEG_upL2  SCZ_DEG_downL2
mean  0.2338        2.8116          2.0056
std   0.1428       20.0153         18.3882
min   0.0051       -1.1441         -1.4708
25%   0.1074        0.0000          0.0000
50%   0.2209        0.0000          0.0000
75%   0.3548        0.0395          0.0182
max   0.5000      447.8060        474.8761

MAF/LD Score Correlation Matrix
                       MAF  SCZ_DEG_upL2  SCZ_DEG_downL2
MAF             1.0000e+00        0.0219     -8.7664e-05
SCZ_DEG_upL2    2.1857e-02        1.0000      6.9103e-01
SCZ_DEG_downL2 -8.7664e-05        0.6910      1.0000e+00

LD Score Matrix Condition Number
2.3724

Annotation Correlation Matrix
              SCZ_DEG_up  SCZ_DEG_down
SCZ_DEG_up        1.0000        0.1721
SCZ_DEG_down      0.1721        1.0000

Annotation Matrix Column Sums
SCZ_DEG_up      4449
SCZ_DEG_down    3098

Summary of Annotation Matrix Row Sums
count    366200.0000
mean          0.0206
std           0.1544
min           0.0000
25%           0.0000
50%           0.0000
75%           0.0000
max           2.0000
Analysis finished at Sun Nov 17 19:12:42 2019
Total time elapsed: 2.0m:47.33s
