*********************************************************************
* LD Score Regression (LDSC)
* Version 1.0.0
* (C) 2014-2015 Brendan Bulik-Sullivan and Hilary Finucane
* Broad Institute of MIT and Harvard / MIT Department of Mathematics
* GNU General Public License v3
*********************************************************************
Call: 
./ldsc.py \
--print-snps /proj/hyejunglab/program/ldsc/LDSC/list.txt \
--ld-wind-cm 1.0 \
--out /proj/hyejunglab/crossdisorder/LDSC/partherit/SCZ_expression/eQTL//17 \
--bfile /proj/hyejunglab/program/ldsc/LDSC/1000G_EUR_Phase3_plink/1000G.EUR.QC.17 \
--annot /proj/hyejunglab/crossdisorder/LDSC/partherit/SCZ_expression/eQTL//17.annot.gz \
--l2  

Beginning analysis at Sun Nov 17 19:09:52 2019
Read list of 269222 SNPs from /proj/hyejunglab/program/ldsc/LDSC/1000G_EUR_Phase3_plink/1000G.EUR.QC.17.bim
Read 2 annotations for 269222 SNPs from /proj/hyejunglab/crossdisorder/LDSC/partherit/SCZ_expression/eQTL//17.annot.gz
Read list of 489 individuals from /proj/hyejunglab/program/ldsc/LDSC/1000G_EUR_Phase3_plink/1000G.EUR.QC.17.fam
Reading genotypes from /proj/hyejunglab/program/ldsc/LDSC/1000G_EUR_Phase3_plink/1000G.EUR.QC.17.bed
Estimating LD Score.
Reading list of 1190321 SNPs for which to print LD Scores from /proj/hyejunglab/program/ldsc/LDSC/list.txt
After merging with --print-snps, LD Scores for 32218 SNPs will be printed.
Writing LD Scores for 32218 SNPs to /proj/hyejunglab/crossdisorder/LDSC/partherit/SCZ_expression/eQTL//17.l2.ldscore.gz

Summary of LD Scores in /proj/hyejunglab/crossdisorder/LDSC/partherit/SCZ_expression/eQTL//17.l2.ldscore.gz
         MAF  SCZ_DEG_upL2  SCZ_DEG_downL2
mean  0.2428        7.8097          6.7764
std   0.1444       30.6454         27.3473
min   0.0051       -1.1456         -0.8500
25%   0.1145        0.0000          0.0000
50%   0.2352        0.0933          0.0185
75%   0.3681        1.8257          0.9580
max   0.5000      590.2979        292.1967

MAF/LD Score Correlation Matrix
                   MAF  SCZ_DEG_upL2  SCZ_DEG_downL2
MAF             1.0000        0.0877          0.1685
SCZ_DEG_upL2    0.0877        1.0000          0.2725
SCZ_DEG_downL2  0.1685        0.2725          1.0000

LD Score Matrix Condition Number
1.4153

Annotation Correlation Matrix
              SCZ_DEG_up  SCZ_DEG_down
SCZ_DEG_up        1.0000        0.1192
SCZ_DEG_down      0.1192        1.0000

Annotation Matrix Column Sums
SCZ_DEG_up      9637
SCZ_DEG_down    6624

Summary of Annotation Matrix Row Sums
count    269222.0000
mean          0.0604
std           0.2557
min           0.0000
25%           0.0000
50%           0.0000
75%           0.0000
max           2.0000
Analysis finished at Sun Nov 17 19:12:13 2019
Total time elapsed: 2.0m:20.96s
