*********************************************************************
* LD Score Regression (LDSC)
* Version 1.0.0
* (C) 2014-2015 Brendan Bulik-Sullivan and Hilary Finucane
* Broad Institute of MIT and Harvard / MIT Department of Mathematics
* GNU General Public License v3
*********************************************************************
Call: 
./ldsc.py \
--print-snps /proj/hyejunglab/program/ldsc/LDSC/list.txt \
--ld-wind-cm 1.0 \
--out /proj/hyejunglab/crossdisorder/LDSC/partherit/SCZ_expression/DET_coexp/isoM13//17 \
--bfile /proj/hyejunglab/program/ldsc/LDSC/1000G_EUR_Phase3_plink/1000G.EUR.QC.17 \
--annot /proj/hyejunglab/crossdisorder/LDSC/partherit/SCZ_expression/DET_coexp/isoM13//17.annot.gz \
--l2  

Beginning analysis at Mon Apr 26 03:30:18 2021
Read list of 269222 SNPs from /proj/hyejunglab/program/ldsc/LDSC/1000G_EUR_Phase3_plink/1000G.EUR.QC.17.bim
Read 1 annotations for 269222 SNPs from /proj/hyejunglab/crossdisorder/LDSC/partherit/SCZ_expression/DET_coexp/isoM13//17.annot.gz
Read list of 489 individuals from /proj/hyejunglab/program/ldsc/LDSC/1000G_EUR_Phase3_plink/1000G.EUR.QC.17.fam
Reading genotypes from /proj/hyejunglab/program/ldsc/LDSC/1000G_EUR_Phase3_plink/1000G.EUR.QC.17.bed
Estimating LD Score.
Reading list of 1190321 SNPs for which to print LD Scores from /proj/hyejunglab/program/ldsc/LDSC/list.txt
After merging with --print-snps, LD Scores for 32218 SNPs will be printed.
Writing LD Scores for 32218 SNPs to /proj/hyejunglab/crossdisorder/LDSC/partherit/SCZ_expression/DET_coexp/isoM13//17.l2.ldscore.gz

Summary of LD Scores in /proj/hyejunglab/crossdisorder/LDSC/partherit/SCZ_expression/DET_coexp/isoM13//17.l2.ldscore.gz
         MAF        L2
mean  0.2428    5.6605
std   0.1444   28.4855
min   0.0051   -1.4525
25%   0.1145    0.0000
50%   0.2352    0.0000
75%   0.3681    0.4650
max   0.5000  593.8652

MAF/LD Score Correlation Matrix
        MAF      L2
MAF  1.0000  0.1208
L2   0.1208  1.0000

Annotation Correlation Matrix
     det
det  1.0

Annotation Matrix Column Sums
det    4722

Summary of Annotation Matrix Row Sums
count    269222.0000
mean          0.0175
std           0.1313
min           0.0000
25%           0.0000
50%           0.0000
75%           0.0000
max           1.0000
Analysis finished at Mon Apr 26 03:32:05 2021
Total time elapsed: 1.0m:46.57s
