*********************************************************************
* LD Score Regression (LDSC)
* Version 1.0.0
* (C) 2014-2015 Brendan Bulik-Sullivan and Hilary Finucane
* Broad Institute of MIT and Harvard / MIT Department of Mathematics
* GNU General Public License v3
*********************************************************************
Call: 
./ldsc.py \
--print-snps /proj/hyejunglab/program/ldsc/LDSC/list.txt \
--ld-wind-cm 1.0 \
--out /proj/hyejunglab/crossdisorder/LDSC/partherit/SCZ_expression/dte//20 \
--bfile /proj/hyejunglab/program/ldsc/LDSC/1000G_EUR_Phase3_plink/1000G.EUR.QC.20 \
--annot /proj/hyejunglab/crossdisorder/LDSC/partherit/SCZ_expression/dte//20.annot.gz \
--l2  

Beginning analysis at Thu Aug 22 23:35:42 2019
Read list of 221626 SNPs from /proj/hyejunglab/program/ldsc/LDSC/1000G_EUR_Phase3_plink/1000G.EUR.QC.20.bim
Read 2 annotations for 221626 SNPs from /proj/hyejunglab/crossdisorder/LDSC/partherit/SCZ_expression/dte//20.annot.gz
Read list of 489 individuals from /proj/hyejunglab/program/ldsc/LDSC/1000G_EUR_Phase3_plink/1000G.EUR.QC.20.fam
Reading genotypes from /proj/hyejunglab/program/ldsc/LDSC/1000G_EUR_Phase3_plink/1000G.EUR.QC.20.bed
Estimating LD Score.
Reading list of 1190321 SNPs for which to print LD Scores from /proj/hyejunglab/program/ldsc/LDSC/list.txt
After merging with --print-snps, LD Scores for 31101 SNPs will be printed.
Writing LD Scores for 31101 SNPs to /proj/hyejunglab/crossdisorder/LDSC/partherit/SCZ_expression/dte//20.l2.ldscore.gz

Summary of LD Scores in /proj/hyejunglab/crossdisorder/LDSC/partherit/SCZ_expression/dte//20.l2.ldscore.gz
         MAF  SCZ_DEG_upL2  SCZ_DEG_downL2
mean  0.2344        1.5964          2.9149
std   0.1427        6.1594         11.9848
min   0.0051       -0.3947         -0.2977
25%   0.1074        0.0000          0.0000
50%   0.2229        0.0000          0.0000
75%   0.3558        0.1694          0.0617
max   0.5000       90.7168        158.9848

MAF/LD Score Correlation Matrix
                   MAF  SCZ_DEG_upL2  SCZ_DEG_downL2
MAF             1.0000        0.0444          0.1127
SCZ_DEG_upL2    0.0444        1.0000          0.2011
SCZ_DEG_downL2  0.1127        0.2011          1.0000

LD Score Matrix Condition Number
2.0447

Annotation Correlation Matrix
              SCZ_DEG_up  SCZ_DEG_down
SCZ_DEG_up        1.0000       -0.0155
SCZ_DEG_down     -0.0155        1.0000

Annotation Matrix Column Sums
SCZ_DEG_up      3371
SCZ_DEG_down    5153

Summary of Annotation Matrix Row Sums
count    221626.0000
mean          0.0385
std           0.1927
min           0.0000
25%           0.0000
50%           0.0000
75%           0.0000
max           2.0000
Analysis finished at Thu Aug 22 23:37:02 2019
Total time elapsed: 1.0m:20.63s
