*********************************************************************
* LD Score Regression (LDSC)
* Version 1.0.0
* (C) 2014-2015 Brendan Bulik-Sullivan and Hilary Finucane
* Broad Institute of MIT and Harvard / MIT Department of Mathematics
* GNU General Public License v3
*********************************************************************
Call: 
./ldsc.py \
--print-snps /proj/hyejunglab/program/ldsc/LDSC/list.txt \
--ld-wind-cm 1.0 \
--out /proj/hyejunglab/crossdisorder/LDSC/partherit/SCZ_expression/dte//4 \
--bfile /proj/hyejunglab/program/ldsc/LDSC/1000G_EUR_Phase3_plink/1000G.EUR.QC.4 \
--annot /proj/hyejunglab/crossdisorder/LDSC/partherit/SCZ_expression/dte//4.annot.gz \
--l2  

Beginning analysis at Thu Aug 22 23:35:41 2019
Read list of 729645 SNPs from /proj/hyejunglab/program/ldsc/LDSC/1000G_EUR_Phase3_plink/1000G.EUR.QC.4.bim
Read 2 annotations for 729645 SNPs from /proj/hyejunglab/crossdisorder/LDSC/partherit/SCZ_expression/dte//4.annot.gz
Read list of 489 individuals from /proj/hyejunglab/program/ldsc/LDSC/1000G_EUR_Phase3_plink/1000G.EUR.QC.4.fam
Reading genotypes from /proj/hyejunglab/program/ldsc/LDSC/1000G_EUR_Phase3_plink/1000G.EUR.QC.4.bed
Estimating LD Score.
Reading list of 1190321 SNPs for which to print LD Scores from /proj/hyejunglab/program/ldsc/LDSC/list.txt
After merging with --print-snps, LD Scores for 74924 SNPs will be printed.
Writing LD Scores for 74924 SNPs to /proj/hyejunglab/crossdisorder/LDSC/partherit/SCZ_expression/dte//4.l2.ldscore.gz

Summary of LD Scores in /proj/hyejunglab/crossdisorder/LDSC/partherit/SCZ_expression/dte//4.l2.ldscore.gz
         MAF  SCZ_DEG_upL2  SCZ_DEG_downL2
mean  0.2375        4.9085          3.5987
std   0.1422       16.3982         13.3655
min   0.0051       -1.4365         -0.9793
25%   0.1125        0.0000          0.0000
50%   0.2301        0.0000          0.0000
75%   0.3579        0.8648          0.5958
max   0.5000      249.6766        209.6992

MAF/LD Score Correlation Matrix
                   MAF  SCZ_DEG_upL2  SCZ_DEG_downL2
MAF             1.0000        0.0459          0.0373
SCZ_DEG_upL2    0.0459        1.0000         -0.0123
SCZ_DEG_downL2  0.0373       -0.0123          1.0000

LD Score Matrix Condition Number
1.2483

Annotation Correlation Matrix
              SCZ_DEG_up  SCZ_DEG_down
SCZ_DEG_up        1.0000       -0.0021
SCZ_DEG_down     -0.0021        1.0000

Annotation Matrix Column Sums
SCZ_DEG_up      28919
SCZ_DEG_down    19947

Summary of Annotation Matrix Row Sums
count    729645.000
mean          0.067
std           0.254
min           0.000
25%           0.000
50%           0.000
75%           0.000
max           2.000
Analysis finished at Thu Aug 22 23:41:52 2019
Total time elapsed: 6.0m:10.91s
