*********************************************************************
* LD Score Regression (LDSC)
* Version 1.0.0
* (C) 2014-2015 Brendan Bulik-Sullivan and Hilary Finucane
* Broad Institute of MIT and Harvard / MIT Department of Mathematics
* GNU General Public License v3
*********************************************************************
Call: 
./ldsc.py \
--print-snps /proj/hyejunglab/program/ldsc/LDSC/list.txt \
--ld-wind-cm 1.0 \
--out /proj/hyejunglab/crossdisorder/LDSC/partherit/SCZ_expression/dte//6 \
--bfile /proj/hyejunglab/program/ldsc/LDSC/1000G_EUR_Phase3_plink/1000G.EUR.QC.6 \
--annot /proj/hyejunglab/crossdisorder/LDSC/partherit/SCZ_expression/dte//6.annot.gz \
--l2  

Beginning analysis at Thu Aug 22 23:35:41 2019
Read list of 664016 SNPs from /proj/hyejunglab/program/ldsc/LDSC/1000G_EUR_Phase3_plink/1000G.EUR.QC.6.bim
Read 2 annotations for 664016 SNPs from /proj/hyejunglab/crossdisorder/LDSC/partherit/SCZ_expression/dte//6.annot.gz
Read list of 489 individuals from /proj/hyejunglab/program/ldsc/LDSC/1000G_EUR_Phase3_plink/1000G.EUR.QC.6.fam
Reading genotypes from /proj/hyejunglab/program/ldsc/LDSC/1000G_EUR_Phase3_plink/1000G.EUR.QC.6.bed
Estimating LD Score.
Reading list of 1190321 SNPs for which to print LD Scores from /proj/hyejunglab/program/ldsc/LDSC/list.txt
After merging with --print-snps, LD Scores for 75358 SNPs will be printed.
Writing LD Scores for 75358 SNPs to /proj/hyejunglab/crossdisorder/LDSC/partherit/SCZ_expression/dte//6.l2.ldscore.gz

Summary of LD Scores in /proj/hyejunglab/crossdisorder/LDSC/partherit/SCZ_expression/dte//6.l2.ldscore.gz
         MAF  SCZ_DEG_upL2  SCZ_DEG_downL2
mean  0.2357        1.6683          4.8887
std   0.1431        7.1351         16.3579
min   0.0051       -0.7797         -1.5356
25%   0.1104        0.0000          0.0000
50%   0.2249        0.0000          0.0000
75%   0.3579        0.1751          1.0301
max   0.5000      120.2411        217.1903

MAF/LD Score Correlation Matrix
                   MAF  SCZ_DEG_upL2  SCZ_DEG_downL2
MAF             1.0000        0.0188          0.0567
SCZ_DEG_upL2    0.0188        1.0000         -0.0014
SCZ_DEG_downL2  0.0567       -0.0014          1.0000

LD Score Matrix Condition Number
2.3368

Annotation Correlation Matrix
              SCZ_DEG_up  SCZ_DEG_down
SCZ_DEG_up        1.0000       -0.0128
SCZ_DEG_down     -0.0128        1.0000

Annotation Matrix Column Sums
SCZ_DEG_up       8671
SCZ_DEG_down    23835

Summary of Annotation Matrix Row Sums
count    664016.0000
mean          0.0490
std           0.2167
min           0.0000
25%           0.0000
50%           0.0000
75%           0.0000
max           2.0000
Analysis finished at Thu Aug 22 23:43:35 2019
Total time elapsed: 7.0m:53.24s
