*********************************************************************
* LD Score Regression (LDSC)
* Version 1.0.0
* (C) 2014-2015 Brendan Bulik-Sullivan and Hilary Finucane
* Broad Institute of MIT and Harvard / MIT Department of Mathematics
* GNU General Public License v3
*********************************************************************
Call: 
./ldsc.py \
--print-snps /proj/hyejunglab/program/ldsc/LDSC/list.txt \
--ld-wind-cm 1.0 \
--out /proj/hyejunglab/crossdisorder/LDSC/partherit/SCZ_expression/IN-ROSEHIP/4 \
--bfile /proj/hyejunglab/program/ldsc/LDSC/1000G_EUR_Phase3_plink/1000G.EUR.QC.4 \
--annot /proj/hyejunglab/crossdisorder/LDSC/partherit/SCZ_expression/IN-ROSEHIP/4.annot.gz \
--l2  

Beginning analysis at Fri Apr 23 23:25:20 2021
Read list of 729645 SNPs from /proj/hyejunglab/program/ldsc/LDSC/1000G_EUR_Phase3_plink/1000G.EUR.QC.4.bim
Read 1 annotations for 729645 SNPs from /proj/hyejunglab/crossdisorder/LDSC/partherit/SCZ_expression/IN-ROSEHIP/4.annot.gz
Read list of 489 individuals from /proj/hyejunglab/program/ldsc/LDSC/1000G_EUR_Phase3_plink/1000G.EUR.QC.4.fam
Reading genotypes from /proj/hyejunglab/program/ldsc/LDSC/1000G_EUR_Phase3_plink/1000G.EUR.QC.4.bed
Estimating LD Score.
Reading list of 1190321 SNPs for which to print LD Scores from /proj/hyejunglab/program/ldsc/LDSC/list.txt
After merging with --print-snps, LD Scores for 74924 SNPs will be printed.
Writing LD Scores for 74924 SNPs to /proj/hyejunglab/crossdisorder/LDSC/partherit/SCZ_expression/IN-ROSEHIP/4.l2.ldscore.gz

Summary of LD Scores in /proj/hyejunglab/crossdisorder/LDSC/partherit/SCZ_expression/IN-ROSEHIP/4.l2.ldscore.gz
         MAF        L2
mean  0.2375    0.7616
std   0.1422    4.4334
min   0.0051   -0.4595
25%   0.1125    0.0000
50%   0.2301    0.0000
75%   0.3579    0.0000
max   0.5000  109.9373

MAF/LD Score Correlation Matrix
        MAF      L2
MAF  1.0000  0.0208
L2   0.0208  1.0000

Annotation Correlation Matrix
            In-Rosehip
In-Rosehip         1.0

Annotation Matrix Column Sums
In-Rosehip    4489

Summary of Annotation Matrix Row Sums
count    729645.0000
mean          0.0062
std           0.0782
min           0.0000
25%           0.0000
50%           0.0000
75%           0.0000
max           1.0000
Analysis finished at Fri Apr 23 23:29:21 2021
Total time elapsed: 4.0m:0.68s
