*********************************************************************
* LD Score Regression (LDSC)
* Version 1.0.0
* (C) 2014-2015 Brendan Bulik-Sullivan and Hilary Finucane
* Broad Institute of MIT and Harvard / MIT Department of Mathematics
* GNU General Public License v3
*********************************************************************
Call: 
./ldsc.py \
--print-snps /proj/hyejunglab/program/ldsc/LDSC/list.txt \
--ld-wind-cm 1.0 \
--out /proj/hyejunglab/crossdisorder/LDSC/partherit/SCZ_expression/kME_hiC/kME6/13 \
--bfile /proj/hyejunglab/program/ldsc/LDSC/1000G_EUR_Phase3_plink/1000G.EUR.QC.13 \
--annot /proj/hyejunglab/crossdisorder/LDSC/partherit/SCZ_expression/kME_hiC/kME6/13.annot.gz \
--l2  

Beginning analysis at Thu Apr 29 16:03:48 2021
Read list of 366200 SNPs from /proj/hyejunglab/program/ldsc/LDSC/1000G_EUR_Phase3_plink/1000G.EUR.QC.13.bim
Read 1 annotations for 366200 SNPs from /proj/hyejunglab/crossdisorder/LDSC/partherit/SCZ_expression/kME_hiC/kME6/13.annot.gz
Read list of 489 individuals from /proj/hyejunglab/program/ldsc/LDSC/1000G_EUR_Phase3_plink/1000G.EUR.QC.13.fam
Reading genotypes from /proj/hyejunglab/program/ldsc/LDSC/1000G_EUR_Phase3_plink/1000G.EUR.QC.13.bed
Estimating LD Score.
Reading list of 1190321 SNPs for which to print LD Scores from /proj/hyejunglab/program/ldsc/LDSC/list.txt
After merging with --print-snps, LD Scores for 45546 SNPs will be printed.
Writing LD Scores for 45546 SNPs to /proj/hyejunglab/crossdisorder/LDSC/partherit/SCZ_expression/kME_hiC/kME6/13.l2.ldscore.gz

Summary of LD Scores in /proj/hyejunglab/crossdisorder/LDSC/partherit/SCZ_expression/kME_hiC/kME6/13.l2.ldscore.gz
         MAF        L2
mean  0.2338   16.2214
std   0.1428   25.7436
min   0.0051   -0.9722
25%   0.1074    0.4095
50%   0.2209    5.7496
75%   0.3548   20.7965
max   0.5000  217.0610

MAF/LD Score Correlation Matrix
        MAF      L2
MAF  1.0000  0.0893
L2   0.0893  1.0000

Annotation Correlation Matrix
      kME6
kME6   1.0

Annotation Matrix Column Sums
kME6    55648

Summary of Annotation Matrix Row Sums
count    366200.000
mean          0.152
std           0.359
min           0.000
25%           0.000
50%           0.000
75%           0.000
max           1.000
Analysis finished at Thu Apr 29 16:07:47 2021
Total time elapsed: 3.0m:58.56s
