*********************************************************************
* LD Score Regression (LDSC)
* Version 1.0.0
* (C) 2014-2015 Brendan Bulik-Sullivan and Hilary Finucane
* Broad Institute of MIT and Harvard / MIT Department of Mathematics
* GNU General Public License v3
*********************************************************************
Call: 
./ldsc.py \
--print-snps /proj/hyejunglab/program/ldsc/LDSC/list.txt \
--ld-wind-cm 1.0 \
--out /proj/hyejunglab/crossdisorder/LDSC/partherit/SCZ_expression/IN-PV/10 \
--bfile /proj/hyejunglab/program/ldsc/LDSC/1000G_EUR_Phase3_plink/1000G.EUR.QC.10 \
--annot /proj/hyejunglab/crossdisorder/LDSC/partherit/SCZ_expression/IN-PV/10.annot.gz \
--l2  

Beginning analysis at Sun Apr 11 04:38:26 2021
Read list of 510501 SNPs from /proj/hyejunglab/program/ldsc/LDSC/1000G_EUR_Phase3_plink/1000G.EUR.QC.10.bim
Read 1 annotations for 510501 SNPs from /proj/hyejunglab/crossdisorder/LDSC/partherit/SCZ_expression/IN-PV/10.annot.gz
Read list of 489 individuals from /proj/hyejunglab/program/ldsc/LDSC/1000G_EUR_Phase3_plink/1000G.EUR.QC.10.fam
Reading genotypes from /proj/hyejunglab/program/ldsc/LDSC/1000G_EUR_Phase3_plink/1000G.EUR.QC.10.bed
Estimating LD Score.
Reading list of 1190321 SNPs for which to print LD Scores from /proj/hyejunglab/program/ldsc/LDSC/list.txt
After merging with --print-snps, LD Scores for 64067 SNPs will be printed.
Writing LD Scores for 64067 SNPs to /proj/hyejunglab/crossdisorder/LDSC/partherit/SCZ_expression/IN-PV/10.l2.ldscore.gz

Summary of LD Scores in /proj/hyejunglab/crossdisorder/LDSC/partherit/SCZ_expression/IN-PV/10.l2.ldscore.gz
         MAF        L2
mean  0.2328    2.3983
std   0.1426    8.6691
min   0.0051   -0.6502
25%   0.1074    0.0000
50%   0.2198    0.0000
75%   0.3538    0.4493
max   0.5000  137.6397

MAF/LD Score Correlation Matrix
        MAF      L2
MAF  1.0000  0.0105
L2   0.0105  1.0000

Annotation Correlation Matrix
       In-PV
In-PV    1.0

Annotation Matrix Column Sums
In-PV    9392

Summary of Annotation Matrix Row Sums
count    510501.0000
mean          0.0184
std           0.1344
min           0.0000
25%           0.0000
50%           0.0000
75%           0.0000
max           1.0000
Analysis finished at Sun Apr 11 04:42:43 2021
Total time elapsed: 4.0m:16.86s
