*********************************************************************
* LD Score Regression (LDSC)
* Version 1.0.0
* (C) 2014-2015 Brendan Bulik-Sullivan and Hilary Finucane
* Broad Institute of MIT and Harvard / MIT Department of Mathematics
* GNU General Public License v3
*********************************************************************
Call: 
./ldsc.py \
--print-snps /proj/hyejunglab/program/ldsc/LDSC/list.txt \
--ld-wind-cm 1.0 \
--out /proj/hyejunglab/crossdisorder/LDSC/partherit/SCZ_expression/DET_coexp_HiC/isoM46//11 \
--bfile /proj/hyejunglab/program/ldsc/LDSC/1000G_EUR_Phase3_plink/1000G.EUR.QC.11 \
--annot /proj/hyejunglab/crossdisorder/LDSC/partherit/SCZ_expression/DET_coexp_HiC/isoM46//11.annot.gz \
--l2  

Beginning analysis at Mon Apr 26 18:59:28 2021
Read list of 493922 SNPs from /proj/hyejunglab/program/ldsc/LDSC/1000G_EUR_Phase3_plink/1000G.EUR.QC.11.bim
Read 1 annotations for 493922 SNPs from /proj/hyejunglab/crossdisorder/LDSC/partherit/SCZ_expression/DET_coexp_HiC/isoM46//11.annot.gz
Read list of 489 individuals from /proj/hyejunglab/program/ldsc/LDSC/1000G_EUR_Phase3_plink/1000G.EUR.QC.11.fam
Reading genotypes from /proj/hyejunglab/program/ldsc/LDSC/1000G_EUR_Phase3_plink/1000G.EUR.QC.11.bed
Estimating LD Score.
Reading list of 1190321 SNPs for which to print LD Scores from /proj/hyejunglab/program/ldsc/LDSC/list.txt
After merging with --print-snps, LD Scores for 60977 SNPs will be printed.
Writing LD Scores for 60977 SNPs to /proj/hyejunglab/crossdisorder/LDSC/partherit/SCZ_expression/DET_coexp_HiC/isoM46//11.l2.ldscore.gz

Summary of LD Scores in /proj/hyejunglab/crossdisorder/LDSC/partherit/SCZ_expression/DET_coexp_HiC/isoM46//11.l2.ldscore.gz
         MAF       L2
mean  0.2398   0.6412
std   0.1420   3.1725
min   0.0051  -0.3529
25%   0.1155   0.0000
50%   0.2301   0.0000
75%   0.3609   0.0000
max   0.5000  69.0077

MAF/LD Score Correlation Matrix
        MAF      L2
MAF  1.0000  0.0209
L2   0.0209  1.0000

Annotation Correlation Matrix
     det
det  1.0

Annotation Matrix Column Sums
det    3001

Summary of Annotation Matrix Row Sums
count    493922.0000
mean          0.0061
std           0.0777
min           0.0000
25%           0.0000
50%           0.0000
75%           0.0000
max           1.0000
Analysis finished at Mon Apr 26 19:03:00 2021
Total time elapsed: 3.0m:31.28s
