*********************************************************************
* LD Score Regression (LDSC)
* Version 1.0.0
* (C) 2014-2015 Brendan Bulik-Sullivan and Hilary Finucane
* Broad Institute of MIT and Harvard / MIT Department of Mathematics
* GNU General Public License v3
*********************************************************************
Call: 
./ldsc.py \
--print-snps /proj/hyejunglab/program/ldsc/LDSC/list.txt \
--ld-wind-cm 1.0 \
--out /proj/hyejunglab/crossdisorder/LDSC/partherit/SCZ_expression/DET_coexp_HiC/isoM44//8 \
--bfile /proj/hyejunglab/program/ldsc/LDSC/1000G_EUR_Phase3_plink/1000G.EUR.QC.8 \
--annot /proj/hyejunglab/crossdisorder/LDSC/partherit/SCZ_expression/DET_coexp_HiC/isoM44//8.annot.gz \
--l2  

Beginning analysis at Mon Apr 26 18:55:50 2021
Read list of 549971 SNPs from /proj/hyejunglab/program/ldsc/LDSC/1000G_EUR_Phase3_plink/1000G.EUR.QC.8.bim
Read 1 annotations for 549971 SNPs from /proj/hyejunglab/crossdisorder/LDSC/partherit/SCZ_expression/DET_coexp_HiC/isoM44//8.annot.gz
Read list of 489 individuals from /proj/hyejunglab/program/ldsc/LDSC/1000G_EUR_Phase3_plink/1000G.EUR.QC.8.fam
Reading genotypes from /proj/hyejunglab/program/ldsc/LDSC/1000G_EUR_Phase3_plink/1000G.EUR.QC.8.bed
Estimating LD Score.
Reading list of 1190321 SNPs for which to print LD Scores from /proj/hyejunglab/program/ldsc/LDSC/list.txt
After merging with --print-snps, LD Scores for 64975 SNPs will be printed.
Writing LD Scores for 64975 SNPs to /proj/hyejunglab/crossdisorder/LDSC/partherit/SCZ_expression/DET_coexp_HiC/isoM44//8.l2.ldscore.gz

Summary of LD Scores in /proj/hyejunglab/crossdisorder/LDSC/partherit/SCZ_expression/DET_coexp_HiC/isoM44//8.l2.ldscore.gz
         MAF       L2
mean  0.2380   0.2821
std   0.1431   2.0065
min   0.0051  -0.3806
25%   0.1115   0.0000
50%   0.2280   0.0000
75%   0.3609   0.0000
max   0.5000  45.7898

MAF/LD Score Correlation Matrix
        MAF      L2
MAF  1.0000  0.0052
L2   0.0052  1.0000

Annotation Correlation Matrix
     det
det  1.0

Annotation Matrix Column Sums
det    1313

Summary of Annotation Matrix Row Sums
count    549971.0000
mean          0.0024
std           0.0488
min           0.0000
25%           0.0000
50%           0.0000
75%           0.0000
max           1.0000
Analysis finished at Mon Apr 26 19:01:12 2021
Total time elapsed: 5.0m:22.31s
