*********************************************************************
* LD Score Regression (LDSC)
* Version 1.0.0
* (C) 2014-2015 Brendan Bulik-Sullivan and Hilary Finucane
* Broad Institute of MIT and Harvard / MIT Department of Mathematics
* GNU General Public License v3
*********************************************************************
Call: 
./ldsc.py \
--print-snps /proj/hyejunglab/program/ldsc/LDSC/list.txt \
--ld-wind-cm 1.0 \
--out /proj/hyejunglab/crossdisorder/LDSC/partherit/SCZ_expression/kME_hiC/kME7/20 \
--bfile /proj/hyejunglab/program/ldsc/LDSC/1000G_EUR_Phase3_plink/1000G.EUR.QC.20 \
--annot /proj/hyejunglab/crossdisorder/LDSC/partherit/SCZ_expression/kME_hiC/kME7/20.annot.gz \
--l2  

Beginning analysis at Thu Apr 29 16:04:48 2021
Read list of 221626 SNPs from /proj/hyejunglab/program/ldsc/LDSC/1000G_EUR_Phase3_plink/1000G.EUR.QC.20.bim
Read 1 annotations for 221626 SNPs from /proj/hyejunglab/crossdisorder/LDSC/partherit/SCZ_expression/kME_hiC/kME7/20.annot.gz
Read list of 489 individuals from /proj/hyejunglab/program/ldsc/LDSC/1000G_EUR_Phase3_plink/1000G.EUR.QC.20.fam
Reading genotypes from /proj/hyejunglab/program/ldsc/LDSC/1000G_EUR_Phase3_plink/1000G.EUR.QC.20.bed
Estimating LD Score.
Reading list of 1190321 SNPs for which to print LD Scores from /proj/hyejunglab/program/ldsc/LDSC/list.txt
After merging with --print-snps, LD Scores for 31101 SNPs will be printed.
Writing LD Scores for 31101 SNPs to /proj/hyejunglab/crossdisorder/LDSC/partherit/SCZ_expression/kME_hiC/kME7/20.l2.ldscore.gz

Summary of LD Scores in /proj/hyejunglab/crossdisorder/LDSC/partherit/SCZ_expression/kME_hiC/kME7/20.l2.ldscore.gz
         MAF        L2
mean  0.2344   23.3721
std   0.1427   45.0313
min   0.0051   -0.8640
25%   0.1074    1.7908
50%   0.2229    7.7958
75%   0.3558   24.1095
max   0.5000  371.5053

MAF/LD Score Correlation Matrix
        MAF      L2
MAF  1.0000  0.1092
L2   0.1092  1.0000

Annotation Correlation Matrix
      kME7
kME7   1.0

Annotation Matrix Column Sums
kME7    47723

Summary of Annotation Matrix Row Sums
count    221626.0000
mean          0.2153
std           0.4111
min           0.0000
25%           0.0000
50%           0.0000
75%           0.0000
max           1.0000
Analysis finished at Thu Apr 29 16:06:00 2021
Total time elapsed: 1.0m:11.98s
