*********************************************************************
* LD Score Regression (LDSC)
* Version 1.0.0
* (C) 2014-2015 Brendan Bulik-Sullivan and Hilary Finucane
* Broad Institute of MIT and Harvard / MIT Department of Mathematics
* GNU General Public License v3
*********************************************************************
Call: 
./ldsc.py \
--print-snps /proj/hyejunglab/program/ldsc/LDSC/list.txt \
--ld-wind-cm 1.0 \
--out /proj/hyejunglab/crossdisorder/LDSC/partherit/SCZ_expression/DET_coexp_HiC/isoM56//3 \
--bfile /proj/hyejunglab/program/ldsc/LDSC/1000G_EUR_Phase3_plink/1000G.EUR.QC.3 \
--annot /proj/hyejunglab/crossdisorder/LDSC/partherit/SCZ_expression/DET_coexp_HiC/isoM56//3.annot.gz \
--l2  

Beginning analysis at Mon Apr 26 18:46:03 2021
Read list of 706350 SNPs from /proj/hyejunglab/program/ldsc/LDSC/1000G_EUR_Phase3_plink/1000G.EUR.QC.3.bim
Read 1 annotations for 706350 SNPs from /proj/hyejunglab/crossdisorder/LDSC/partherit/SCZ_expression/DET_coexp_HiC/isoM56//3.annot.gz
Read list of 489 individuals from /proj/hyejunglab/program/ldsc/LDSC/1000G_EUR_Phase3_plink/1000G.EUR.QC.3.fam
Reading genotypes from /proj/hyejunglab/program/ldsc/LDSC/1000G_EUR_Phase3_plink/1000G.EUR.QC.3.bed
Estimating LD Score.
Reading list of 1190321 SNPs for which to print LD Scores from /proj/hyejunglab/program/ldsc/LDSC/list.txt
After merging with --print-snps, LD Scores for 83036 SNPs will be printed.
Writing LD Scores for 83036 SNPs to /proj/hyejunglab/crossdisorder/LDSC/partherit/SCZ_expression/DET_coexp_HiC/isoM56//3.l2.ldscore.gz

Summary of LD Scores in /proj/hyejunglab/crossdisorder/LDSC/partherit/SCZ_expression/DET_coexp_HiC/isoM56//3.l2.ldscore.gz
         MAF       L2
mean  0.2408   0.2485
std   0.1426   2.3938
min   0.0051  -0.3264
25%   0.1166   0.0000
50%   0.2321   0.0000
75%   0.3630   0.0000
max   0.5000  67.3374

MAF/LD Score Correlation Matrix
        MAF      L2
MAF  1.0000  0.0174
L2   0.0174  1.0000

Annotation Correlation Matrix
     det
det  1.0

Annotation Matrix Column Sums
det    1633

Summary of Annotation Matrix Row Sums
count    706350.0000
mean          0.0023
std           0.0480
min           0.0000
25%           0.0000
50%           0.0000
75%           0.0000
max           1.0000
Analysis finished at Mon Apr 26 18:50:25 2021
Total time elapsed: 4.0m:21.51s
