*********************************************************************
* LD Score Regression (LDSC)
* Version 1.0.0
* (C) 2014-2015 Brendan Bulik-Sullivan and Hilary Finucane
* Broad Institute of MIT and Harvard / MIT Department of Mathematics
* GNU General Public License v3
*********************************************************************
Call: 
./ldsc.py \
--print-snps /proj/hyejunglab/program/ldsc/LDSC/list.txt \
--ld-wind-cm 1.0 \
--out /proj/hyejunglab/crossdisorder/LDSC/partherit/SCZ_expression/EX-L5-6CCB/17 \
--bfile /proj/hyejunglab/program/ldsc/LDSC/1000G_EUR_Phase3_plink/1000G.EUR.QC.17 \
--annot /proj/hyejunglab/crossdisorder/LDSC/partherit/SCZ_expression/EX-L5-6CCB/17.annot.gz \
--l2  

Beginning analysis at Sat Apr 24 23:33:45 2021
Read list of 269222 SNPs from /proj/hyejunglab/program/ldsc/LDSC/1000G_EUR_Phase3_plink/1000G.EUR.QC.17.bim
Read 1 annotations for 269222 SNPs from /proj/hyejunglab/crossdisorder/LDSC/partherit/SCZ_expression/EX-L5-6CCB/17.annot.gz
Read list of 489 individuals from /proj/hyejunglab/program/ldsc/LDSC/1000G_EUR_Phase3_plink/1000G.EUR.QC.17.fam
Reading genotypes from /proj/hyejunglab/program/ldsc/LDSC/1000G_EUR_Phase3_plink/1000G.EUR.QC.17.bed
Estimating LD Score.
Reading list of 1190321 SNPs for which to print LD Scores from /proj/hyejunglab/program/ldsc/LDSC/list.txt
After merging with --print-snps, LD Scores for 32218 SNPs will be printed.
Writing LD Scores for 32218 SNPs to /proj/hyejunglab/crossdisorder/LDSC/partherit/SCZ_expression/EX-L5-6CCB/17.l2.ldscore.gz

Summary of LD Scores in /proj/hyejunglab/crossdisorder/LDSC/partherit/SCZ_expression/EX-L5-6CCB/17.l2.ldscore.gz
         MAF        L2
mean  0.2428    3.7386
std   0.1444    9.7038
min   0.0051   -0.3983
25%   0.1145    0.0000
50%   0.2352    0.0962
75%   0.3681    2.5671
max   0.5000  147.8778

MAF/LD Score Correlation Matrix
        MAF      L2
MAF  1.0000  0.0738
L2   0.0738  1.0000

Annotation Correlation Matrix
            Ex-L5-6ccb
Ex-L5-6ccb         1.0

Annotation Matrix Column Sums
Ex-L5-6ccb    8601

Summary of Annotation Matrix Row Sums
count    269222.0000
mean          0.0319
std           0.1759
min           0.0000
25%           0.0000
50%           0.0000
75%           0.0000
max           1.0000
Analysis finished at Sat Apr 24 23:35:48 2021
Total time elapsed: 2.0m:2.6s
