*********************************************************************
* LD Score Regression (LDSC)
* Version 1.0.0
* (C) 2014-2015 Brendan Bulik-Sullivan and Hilary Finucane
* Broad Institute of MIT and Harvard / MIT Department of Mathematics
* GNU General Public License v3
*********************************************************************
Call: 
./ldsc.py \
--print-snps /proj/hyejunglab/program/ldsc/LDSC/list.txt \
--ld-wind-cm 1.0 \
--out /proj/hyejunglab/crossdisorder/LDSC/partherit/SCZ_expression/EX-SZTR/11 \
--bfile /proj/hyejunglab/program/ldsc/LDSC/1000G_EUR_Phase3_plink/1000G.EUR.QC.11 \
--annot /proj/hyejunglab/crossdisorder/LDSC/partherit/SCZ_expression/EX-SZTR/11.annot.gz \
--l2  

Beginning analysis at Fri Apr 23 22:46:09 2021
Read list of 493922 SNPs from /proj/hyejunglab/program/ldsc/LDSC/1000G_EUR_Phase3_plink/1000G.EUR.QC.11.bim
Read 1 annotations for 493922 SNPs from /proj/hyejunglab/crossdisorder/LDSC/partherit/SCZ_expression/EX-SZTR/11.annot.gz
Read list of 489 individuals from /proj/hyejunglab/program/ldsc/LDSC/1000G_EUR_Phase3_plink/1000G.EUR.QC.11.fam
Reading genotypes from /proj/hyejunglab/program/ldsc/LDSC/1000G_EUR_Phase3_plink/1000G.EUR.QC.11.bed
Estimating LD Score.
Reading list of 1190321 SNPs for which to print LD Scores from /proj/hyejunglab/program/ldsc/LDSC/list.txt
After merging with --print-snps, LD Scores for 60977 SNPs will be printed.
Writing LD Scores for 60977 SNPs to /proj/hyejunglab/crossdisorder/LDSC/partherit/SCZ_expression/EX-SZTR/11.l2.ldscore.gz

Summary of LD Scores in /proj/hyejunglab/crossdisorder/LDSC/partherit/SCZ_expression/EX-SZTR/11.l2.ldscore.gz
         MAF        L2
mean  0.2398    2.2585
std   0.1420    6.9845
min   0.0051   -0.5891
25%   0.1155    0.0000
50%   0.2301    0.0021
75%   0.3609    0.8775
max   0.5000  101.4549

MAF/LD Score Correlation Matrix
       MAF     L2
MAF  1.000  0.036
L2   0.036  1.000

Annotation Correlation Matrix
         Ex-SZTR
Ex-SZTR      1.0

Annotation Matrix Column Sums
Ex-SZTR    8657

Summary of Annotation Matrix Row Sums
count    493922.0000
mean          0.0175
std           0.1312
min           0.0000
25%           0.0000
50%           0.0000
75%           0.0000
max           1.0000
Analysis finished at Fri Apr 23 22:50:20 2021
Total time elapsed: 4.0m:10.52s
