*********************************************************************
* LD Score Regression (LDSC)
* Version 1.0.0
* (C) 2014-2015 Brendan Bulik-Sullivan and Hilary Finucane
* Broad Institute of MIT and Harvard / MIT Department of Mathematics
* GNU General Public License v3
*********************************************************************
Call: 
./ldsc.py \
--print-snps /proj/hyejunglab/program/ldsc/LDSC/list.txt \
--ld-wind-cm 1.0 \
--out /proj/hyejunglab/crossdisorder/LDSC/partherit/SCZ_expression/kME_eQTL/kME8/16 \
--bfile /proj/hyejunglab/program/ldsc/LDSC/1000G_EUR_Phase3_plink/1000G.EUR.QC.16 \
--annot /proj/hyejunglab/crossdisorder/LDSC/partherit/SCZ_expression/kME_eQTL/kME8/16.annot.gz \
--l2  

Beginning analysis at Thu Apr 29 16:08:12 2021
Read list of 316981 SNPs from /proj/hyejunglab/program/ldsc/LDSC/1000G_EUR_Phase3_plink/1000G.EUR.QC.16.bim
Read 1 annotations for 316981 SNPs from /proj/hyejunglab/crossdisorder/LDSC/partherit/SCZ_expression/kME_eQTL/kME8/16.annot.gz
Read list of 489 individuals from /proj/hyejunglab/program/ldsc/LDSC/1000G_EUR_Phase3_plink/1000G.EUR.QC.16.fam
Reading genotypes from /proj/hyejunglab/program/ldsc/LDSC/1000G_EUR_Phase3_plink/1000G.EUR.QC.16.bed
Estimating LD Score.
Reading list of 1190321 SNPs for which to print LD Scores from /proj/hyejunglab/program/ldsc/LDSC/list.txt
After merging with --print-snps, LD Scores for 36526 SNPs will be printed.
Writing LD Scores for 36526 SNPs to /proj/hyejunglab/crossdisorder/LDSC/partherit/SCZ_expression/kME_eQTL/kME8/16.l2.ldscore.gz

Summary of LD Scores in /proj/hyejunglab/crossdisorder/LDSC/partherit/SCZ_expression/kME_eQTL/kME8/16.l2.ldscore.gz
         MAF        L2
mean  0.2389   22.3600
std   0.1426   46.0046
min   0.0051   -1.6756
25%   0.1145    0.1475
50%   0.2311    2.2817
75%   0.3599   22.5031
max   0.5000  399.5072

MAF/LD Score Correlation Matrix
        MAF      L2
MAF  1.0000  0.0118
L2   0.0118  1.0000

Annotation Correlation Matrix
      kME8
kME8   1.0

Annotation Matrix Column Sums
kME8    36608

Summary of Annotation Matrix Row Sums
count    316981.0000
mean          0.1155
std           0.3196
min           0.0000
25%           0.0000
50%           0.0000
75%           0.0000
max           1.0000
Analysis finished at Thu Apr 29 16:10:50 2021
Total time elapsed: 2.0m:37.88s
