*********************************************************************
* LD Score Regression (LDSC)
* Version 1.0.0
* (C) 2014-2015 Brendan Bulik-Sullivan and Hilary Finucane
* Broad Institute of MIT and Harvard / MIT Department of Mathematics
* GNU General Public License v3
*********************************************************************
Call: 
./ldsc.py \
--print-snps /proj/hyejunglab/program/ldsc/LDSC/list.txt \
--ld-wind-cm 1.0 \
--out /proj/hyejunglab/crossdisorder/LDSC/partherit/SCZ_expression/DEG_coexp_HiC/geneM16//7 \
--bfile /proj/hyejunglab/program/ldsc/LDSC/1000G_EUR_Phase3_plink/1000G.EUR.QC.7 \
--annot /proj/hyejunglab/crossdisorder/LDSC/partherit/SCZ_expression/DEG_coexp_HiC/geneM16//7.annot.gz \
--l2  

Beginning analysis at Sun May  2 00:09:21 2021
Read list of 589569 SNPs from /proj/hyejunglab/program/ldsc/LDSC/1000G_EUR_Phase3_plink/1000G.EUR.QC.7.bim
Read 1 annotations for 589569 SNPs from /proj/hyejunglab/crossdisorder/LDSC/partherit/SCZ_expression/DEG_coexp_HiC/geneM16//7.annot.gz
Read list of 489 individuals from /proj/hyejunglab/program/ldsc/LDSC/1000G_EUR_Phase3_plink/1000G.EUR.QC.7.fam
Reading genotypes from /proj/hyejunglab/program/ldsc/LDSC/1000G_EUR_Phase3_plink/1000G.EUR.QC.7.bed
Estimating LD Score.
Reading list of 1190321 SNPs for which to print LD Scores from /proj/hyejunglab/program/ldsc/LDSC/list.txt
After merging with --print-snps, LD Scores for 66171 SNPs will be printed.
Writing LD Scores for 66171 SNPs to /proj/hyejunglab/crossdisorder/LDSC/partherit/SCZ_expression/DEG_coexp_HiC/geneM16//7.l2.ldscore.gz

Summary of LD Scores in /proj/hyejunglab/crossdisorder/LDSC/partherit/SCZ_expression/DEG_coexp_HiC/geneM16//7.l2.ldscore.gz
         MAF        L2
mean  0.2390    0.4434
std   0.1428    3.9892
min   0.0051   -0.3562
25%   0.1125    0.0000
50%   0.2301    0.0000
75%   0.3609    0.0000
max   0.5000  109.7637

MAF/LD Score Correlation Matrix
       MAF     L2
MAF  1.000  0.024
L2   0.024  1.000

Annotation Correlation Matrix
     deg
deg  1.0

Annotation Matrix Column Sums
deg    1500

Summary of Annotation Matrix Row Sums
count    589569.0000
mean          0.0025
std           0.0504
min           0.0000
25%           0.0000
50%           0.0000
75%           0.0000
max           1.0000
Analysis finished at Sun May  2 00:13:01 2021
Total time elapsed: 3.0m:39.41s
