*********************************************************************
* LD Score Regression (LDSC)
* Version 1.0.0
* (C) 2014-2015 Brendan Bulik-Sullivan and Hilary Finucane
* Broad Institute of MIT and Harvard / MIT Department of Mathematics
* GNU General Public License v3
*********************************************************************
Call: 
./ldsc.py \
--print-snps /proj/hyejunglab/program/ldsc/LDSC/list.txt \
--ld-wind-cm 1.0 \
--out /proj/hyejunglab/crossdisorder/LDSC/partherit/SCZ_expression/DET_coexp/isoM30//5 \
--bfile /proj/hyejunglab/program/ldsc/LDSC/1000G_EUR_Phase3_plink/1000G.EUR.QC.5 \
--annot /proj/hyejunglab/crossdisorder/LDSC/partherit/SCZ_expression/DET_coexp/isoM30//5.annot.gz \
--l2  

Beginning analysis at Mon Apr 26 03:18:58 2021
Read list of 633015 SNPs from /proj/hyejunglab/program/ldsc/LDSC/1000G_EUR_Phase3_plink/1000G.EUR.QC.5.bim
Read 1 annotations for 633015 SNPs from /proj/hyejunglab/crossdisorder/LDSC/partherit/SCZ_expression/DET_coexp/isoM30//5.annot.gz
Read list of 489 individuals from /proj/hyejunglab/program/ldsc/LDSC/1000G_EUR_Phase3_plink/1000G.EUR.QC.5.fam
Reading genotypes from /proj/hyejunglab/program/ldsc/LDSC/1000G_EUR_Phase3_plink/1000G.EUR.QC.5.bed
Estimating LD Score.
Reading list of 1190321 SNPs for which to print LD Scores from /proj/hyejunglab/program/ldsc/LDSC/list.txt
After merging with --print-snps, LD Scores for 75164 SNPs will be printed.
Writing LD Scores for 75164 SNPs to /proj/hyejunglab/crossdisorder/LDSC/partherit/SCZ_expression/DET_coexp/isoM30//5.l2.ldscore.gz

Summary of LD Scores in /proj/hyejunglab/crossdisorder/LDSC/partherit/SCZ_expression/DET_coexp/isoM30//5.l2.ldscore.gz
         MAF       L2
mean  0.2369   0.0164
std   0.1421   0.4085
min   0.0051  -0.0851
25%   0.1125   0.0000
50%   0.2280   0.0000
75%   0.3569   0.0000
max   0.5000  19.6621

MAF/LD Score Correlation Matrix
        MAF      L2
MAF  1.0000  0.0238
L2   0.0238  1.0000

Annotation Correlation Matrix
     det
det  1.0

Annotation Matrix Column Sums
det    74

Summary of Annotation Matrix Row Sums
count    633015.0000
mean          0.0001
std           0.0108
min           0.0000
25%           0.0000
50%           0.0000
75%           0.0000
max           1.0000
Analysis finished at Mon Apr 26 03:22:03 2021
Total time elapsed: 3.0m:5.16s
