*********************************************************************
* LD Score Regression (LDSC)
* Version 1.0.0
* (C) 2014-2015 Brendan Bulik-Sullivan and Hilary Finucane
* Broad Institute of MIT and Harvard / MIT Department of Mathematics
* GNU General Public License v3
*********************************************************************
Call: 
./ldsc.py \
--print-snps /proj/hyejunglab/program/ldsc/LDSC/list.txt \
--ld-wind-cm 1.0 \
--out /proj/hyejunglab/crossdisorder/LDSC/partherit/SCZ_expression/deg//17 \
--bfile /proj/hyejunglab/program/ldsc/LDSC/1000G_EUR_Phase3_plink/1000G.EUR.QC.17 \
--annot /proj/hyejunglab/crossdisorder/LDSC/partherit/SCZ_expression/deg//17.annot.gz \
--l2  

Beginning analysis at Sat Jul 27 10:12:43 2019
Read list of 269222 SNPs from /proj/hyejunglab/program/ldsc/LDSC/1000G_EUR_Phase3_plink/1000G.EUR.QC.17.bim
Read 2 annotations for 269222 SNPs from /proj/hyejunglab/crossdisorder/LDSC/partherit/SCZ_expression/deg//17.annot.gz
Read list of 489 individuals from /proj/hyejunglab/program/ldsc/LDSC/1000G_EUR_Phase3_plink/1000G.EUR.QC.17.fam
Reading genotypes from /proj/hyejunglab/program/ldsc/LDSC/1000G_EUR_Phase3_plink/1000G.EUR.QC.17.bed
Estimating LD Score.
Reading list of 1190321 SNPs for which to print LD Scores from /proj/hyejunglab/program/ldsc/LDSC/list.txt
After merging with --print-snps, LD Scores for 32218 SNPs will be printed.
Writing LD Scores for 32218 SNPs to /proj/hyejunglab/crossdisorder/LDSC/partherit/SCZ_expression/deg//17.l2.ldscore.gz

Summary of LD Scores in /proj/hyejunglab/crossdisorder/LDSC/partherit/SCZ_expression/deg//17.l2.ldscore.gz
         MAF  SCZ_DEG_upL2  SCZ_DEG_downL2
mean  0.2428        4.1885          3.6246
std   0.1444        8.9192          8.3415
min   0.0051       -0.3528         -0.4448
25%   0.1145        0.0241          0.0000
50%   0.2352        0.6274          0.1857
75%   0.3681        4.3250          3.1901
max   0.5000       85.6546        148.3107

MAF/LD Score Correlation Matrix
                  MAF  SCZ_DEG_upL2  SCZ_DEG_downL2
MAF             1.000        0.1160          0.0920
SCZ_DEG_upL2    0.116        1.0000          0.2436
SCZ_DEG_downL2  0.092        0.2436          1.0000

LD Score Matrix Condition Number
1.4901

Annotation Correlation Matrix
              SCZ_DEG_up  SCZ_DEG_down
SCZ_DEG_up        1.0000       -0.0383
SCZ_DEG_down     -0.0383        1.0000

Annotation Matrix Column Sums
SCZ_DEG_up      12123
SCZ_DEG_down     8874

Summary of Annotation Matrix Row Sums
count    269222.0000
mean          0.0780
std           0.2684
min           0.0000
25%           0.0000
50%           0.0000
75%           0.0000
max           2.0000
Analysis finished at Sat Jul 27 10:14:57 2019
Total time elapsed: 2.0m:14.04s
