*********************************************************************
* LD Score Regression (LDSC)
* Version 1.0.0
* (C) 2014-2015 Brendan Bulik-Sullivan and Hilary Finucane
* Broad Institute of MIT and Harvard / MIT Department of Mathematics
* GNU General Public License v3
*********************************************************************
Call: 
./ldsc.py \
--print-snps /proj/hyejunglab/program/ldsc/LDSC/list.txt \
--ld-wind-cm 1.0 \
--out /proj/hyejunglab/crossdisorder/LDSC/partherit/SCZ_expression/CMC_coexp_QTL/M3c//2 \
--bfile /proj/hyejunglab/program/ldsc/LDSC/1000G_EUR_Phase3_plink/1000G.EUR.QC.2 \
--annot /proj/hyejunglab/crossdisorder/LDSC/partherit/SCZ_expression/CMC_coexp_QTL/M3c//2.annot.gz \
--l2  

Beginning analysis at Sun May  2 04:16:47 2021
Read list of 839590 SNPs from /proj/hyejunglab/program/ldsc/LDSC/1000G_EUR_Phase3_plink/1000G.EUR.QC.2.bim
Read 1 annotations for 839590 SNPs from /proj/hyejunglab/crossdisorder/LDSC/partherit/SCZ_expression/CMC_coexp_QTL/M3c//2.annot.gz
Read list of 489 individuals from /proj/hyejunglab/program/ldsc/LDSC/1000G_EUR_Phase3_plink/1000G.EUR.QC.2.fam
Reading genotypes from /proj/hyejunglab/program/ldsc/LDSC/1000G_EUR_Phase3_plink/1000G.EUR.QC.2.bed
Estimating LD Score.
Reading list of 1190321 SNPs for which to print LD Scores from /proj/hyejunglab/program/ldsc/LDSC/list.txt
After merging with --print-snps, LD Scores for 99735 SNPs will be printed.
Writing LD Scores for 99735 SNPs to /proj/hyejunglab/crossdisorder/LDSC/partherit/SCZ_expression/CMC_coexp_QTL/M3c//2.l2.ldscore.gz

Summary of LD Scores in /proj/hyejunglab/crossdisorder/LDSC/partherit/SCZ_expression/CMC_coexp_QTL/M3c//2.l2.ldscore.gz
         MAF        L2
mean  0.2384    2.1944
std   0.1431   14.8060
min   0.0051   -1.5311
25%   0.1125    0.0000
50%   0.2290    0.0000
75%   0.3620    0.0000
max   0.5000  344.7558

MAF/LD Score Correlation Matrix
        MAF      L2
MAF  1.0000  0.0192
L2   0.0192  1.0000

Annotation Correlation Matrix
     deg
deg  1.0

Annotation Matrix Column Sums
deg    6369

Summary of Annotation Matrix Row Sums
count    839590.0000
mean          0.0076
std           0.0868
min           0.0000
25%           0.0000
50%           0.0000
75%           0.0000
max           1.0000
Analysis finished at Sun May  2 04:20:06 2021
Total time elapsed: 3.0m:18.64s
