*********************************************************************
* LD Score Regression (LDSC)
* Version 1.0.0
* (C) 2014-2015 Brendan Bulik-Sullivan and Hilary Finucane
* Broad Institute of MIT and Harvard / MIT Department of Mathematics
* GNU General Public License v3
*********************************************************************
Call: 
./ldsc.py \
--print-snps /proj/hyejunglab/program/ldsc/LDSC/list.txt \
--ld-wind-cm 1.0 \
--out /proj/hyejunglab/crossdisorder/LDSC/partherit/SCZ_expression/CMC_coexp_HiC/M16c//13 \
--bfile /proj/hyejunglab/program/ldsc/LDSC/1000G_EUR_Phase3_plink/1000G.EUR.QC.13 \
--annot /proj/hyejunglab/crossdisorder/LDSC/partherit/SCZ_expression/CMC_coexp_HiC/M16c//13.annot.gz \
--l2  

Beginning analysis at Sun May  2 03:25:34 2021
Read list of 366200 SNPs from /proj/hyejunglab/program/ldsc/LDSC/1000G_EUR_Phase3_plink/1000G.EUR.QC.13.bim
Read 1 annotations for 366200 SNPs from /proj/hyejunglab/crossdisorder/LDSC/partherit/SCZ_expression/CMC_coexp_HiC/M16c//13.annot.gz
Read list of 489 individuals from /proj/hyejunglab/program/ldsc/LDSC/1000G_EUR_Phase3_plink/1000G.EUR.QC.13.fam
Reading genotypes from /proj/hyejunglab/program/ldsc/LDSC/1000G_EUR_Phase3_plink/1000G.EUR.QC.13.bed
Estimating LD Score.
Reading list of 1190321 SNPs for which to print LD Scores from /proj/hyejunglab/program/ldsc/LDSC/list.txt
After merging with --print-snps, LD Scores for 45546 SNPs will be printed.
Writing LD Scores for 45546 SNPs to /proj/hyejunglab/crossdisorder/LDSC/partherit/SCZ_expression/CMC_coexp_HiC/M16c//13.l2.ldscore.gz

Summary of LD Scores in /proj/hyejunglab/crossdisorder/LDSC/partherit/SCZ_expression/CMC_coexp_HiC/M16c//13.l2.ldscore.gz
         MAF       L2
mean  0.2338   0.4415
std   0.1428   3.6782
min   0.0051  -0.4097
25%   0.1074   0.0000
50%   0.2209   0.0000
75%   0.3548   0.0000
max   0.5000  73.9480

MAF/LD Score Correlation Matrix
        MAF      L2
MAF  1.0000  0.0393
L2   0.0393  1.0000

Annotation Correlation Matrix
     deg
deg  1.0

Annotation Matrix Column Sums
deg    2186

Summary of Annotation Matrix Row Sums
count    366200.000
mean          0.006
std           0.077
min           0.000
25%           0.000
50%           0.000
75%           0.000
max           1.000
Analysis finished at Sun May  2 03:27:37 2021
Total time elapsed: 2.0m:2.56s
