*********************************************************************
* LD Score Regression (LDSC)
* Version 1.0.0
* (C) 2014-2015 Brendan Bulik-Sullivan and Hilary Finucane
* Broad Institute of MIT and Harvard / MIT Department of Mathematics
* GNU General Public License v3
*********************************************************************
Call: 
./ldsc.py \
--print-snps /proj/hyejunglab/program/ldsc/LDSC/list.txt \
--ld-wind-cm 1.0 \
--out /proj/hyejunglab/crossdisorder/LDSC/partherit/SCZ_expression/kTotal_hiC/ktotal10/6 \
--bfile /proj/hyejunglab/program/ldsc/LDSC/1000G_EUR_Phase3_plink/1000G.EUR.QC.6 \
--annot /proj/hyejunglab/crossdisorder/LDSC/partherit/SCZ_expression/kTotal_hiC/ktotal10/6.annot.gz \
--l2  

Beginning analysis at Fri Apr 30 01:42:04 2021
Read list of 664016 SNPs from /proj/hyejunglab/program/ldsc/LDSC/1000G_EUR_Phase3_plink/1000G.EUR.QC.6.bim
Read 1 annotations for 664016 SNPs from /proj/hyejunglab/crossdisorder/LDSC/partherit/SCZ_expression/kTotal_hiC/ktotal10/6.annot.gz
Read list of 489 individuals from /proj/hyejunglab/program/ldsc/LDSC/1000G_EUR_Phase3_plink/1000G.EUR.QC.6.fam
Reading genotypes from /proj/hyejunglab/program/ldsc/LDSC/1000G_EUR_Phase3_plink/1000G.EUR.QC.6.bed
Estimating LD Score.
Reading list of 1190321 SNPs for which to print LD Scores from /proj/hyejunglab/program/ldsc/LDSC/list.txt
After merging with --print-snps, LD Scores for 75358 SNPs will be printed.
Writing LD Scores for 75358 SNPs to /proj/hyejunglab/crossdisorder/LDSC/partherit/SCZ_expression/kTotal_hiC/ktotal10/6.l2.ldscore.gz

Summary of LD Scores in /proj/hyejunglab/crossdisorder/LDSC/partherit/SCZ_expression/kTotal_hiC/ktotal10/6.l2.ldscore.gz
         MAF        L2
mean  0.2357   25.8266
std   0.1431   38.3730
min   0.0051   -1.1797
25%   0.1104    3.1473
50%   0.2249   12.6962
75%   0.3579   32.2717
max   0.5000  358.0996

MAF/LD Score Correlation Matrix
        MAF      L2
MAF  1.0000  0.0713
L2   0.0713  1.0000

Annotation Correlation Matrix
          ktotal10
ktotal10       1.0

Annotation Matrix Column Sums
ktotal10    119532

Summary of Annotation Matrix Row Sums
count    664016.0000
mean          0.1800
std           0.3842
min           0.0000
25%           0.0000
50%           0.0000
75%           0.0000
max           1.0000
Analysis finished at Fri Apr 30 01:51:42 2021
Total time elapsed: 9.0m:38.01s
