*********************************************************************
* LD Score Regression (LDSC)
* Version 1.0.0
* (C) 2014-2015 Brendan Bulik-Sullivan and Hilary Finucane
* Broad Institute of MIT and Harvard / MIT Department of Mathematics
* GNU General Public License v3
*********************************************************************
Call: 
./ldsc.py \
--print-snps /proj/hyejunglab/program/ldsc/LDSC/list.txt \
--ld-wind-cm 1.0 \
--out /proj/hyejunglab/crossdisorder/LDSC/partherit/SCZ_expression/CMC_coexp_QTL/M17c//6 \
--bfile /proj/hyejunglab/program/ldsc/LDSC/1000G_EUR_Phase3_plink/1000G.EUR.QC.6 \
--annot /proj/hyejunglab/crossdisorder/LDSC/partherit/SCZ_expression/CMC_coexp_QTL/M17c//6.annot.gz \
--l2  

Beginning analysis at Sun May  2 04:21:02 2021
Read list of 664016 SNPs from /proj/hyejunglab/program/ldsc/LDSC/1000G_EUR_Phase3_plink/1000G.EUR.QC.6.bim
Read 1 annotations for 664016 SNPs from /proj/hyejunglab/crossdisorder/LDSC/partherit/SCZ_expression/CMC_coexp_QTL/M17c//6.annot.gz
Read list of 489 individuals from /proj/hyejunglab/program/ldsc/LDSC/1000G_EUR_Phase3_plink/1000G.EUR.QC.6.fam
Reading genotypes from /proj/hyejunglab/program/ldsc/LDSC/1000G_EUR_Phase3_plink/1000G.EUR.QC.6.bed
Estimating LD Score.
Reading list of 1190321 SNPs for which to print LD Scores from /proj/hyejunglab/program/ldsc/LDSC/list.txt
After merging with --print-snps, LD Scores for 75358 SNPs will be printed.
Writing LD Scores for 75358 SNPs to /proj/hyejunglab/crossdisorder/LDSC/partherit/SCZ_expression/CMC_coexp_QTL/M17c//6.l2.ldscore.gz

Summary of LD Scores in /proj/hyejunglab/crossdisorder/LDSC/partherit/SCZ_expression/CMC_coexp_QTL/M17c//6.l2.ldscore.gz
         MAF        L2
mean  0.2357    0.2507
std   0.1431    4.6511
min   0.0051   -0.5238
25%   0.1104    0.0000
50%   0.2249    0.0000
75%   0.3579    0.0000
max   0.5000  190.6924

MAF/LD Score Correlation Matrix
        MAF      L2
MAF  1.0000  0.0439
L2   0.0439  1.0000

Annotation Correlation Matrix
     deg
deg  1.0

Annotation Matrix Column Sums
deg    721

Summary of Annotation Matrix Row Sums
count    664016.0000
mean          0.0011
std           0.0329
min           0.0000
25%           0.0000
50%           0.0000
75%           0.0000
max           1.0000
Analysis finished at Sun May  2 04:25:17 2021
Total time elapsed: 4.0m:14.55s
