*********************************************************************
* LD Score Regression (LDSC)
* Version 1.0.0
* (C) 2014-2015 Brendan Bulik-Sullivan and Hilary Finucane
* Broad Institute of MIT and Harvard / MIT Department of Mathematics
* GNU General Public License v3
*********************************************************************
Call: 
./ldsc.py \
--print-snps /proj/hyejunglab/program/ldsc/LDSC/list.txt \
--ld-wind-cm 1.0 \
--out /proj/hyejunglab/crossdisorder/LDSC/partherit/SCZ_expression/kME_eQTL/kME5/2 \
--bfile /proj/hyejunglab/program/ldsc/LDSC/1000G_EUR_Phase3_plink/1000G.EUR.QC.2 \
--annot /proj/hyejunglab/crossdisorder/LDSC/partherit/SCZ_expression/kME_eQTL/kME5/2.annot.gz \
--l2  

Beginning analysis at Thu Apr 29 16:10:56 2021
Read list of 839590 SNPs from /proj/hyejunglab/program/ldsc/LDSC/1000G_EUR_Phase3_plink/1000G.EUR.QC.2.bim
Read 1 annotations for 839590 SNPs from /proj/hyejunglab/crossdisorder/LDSC/partherit/SCZ_expression/kME_eQTL/kME5/2.annot.gz
Read list of 489 individuals from /proj/hyejunglab/program/ldsc/LDSC/1000G_EUR_Phase3_plink/1000G.EUR.QC.2.fam
Reading genotypes from /proj/hyejunglab/program/ldsc/LDSC/1000G_EUR_Phase3_plink/1000G.EUR.QC.2.bed
Estimating LD Score.
Reading list of 1190321 SNPs for which to print LD Scores from /proj/hyejunglab/program/ldsc/LDSC/list.txt
After merging with --print-snps, LD Scores for 99735 SNPs will be printed.
Writing LD Scores for 99735 SNPs to /proj/hyejunglab/crossdisorder/LDSC/partherit/SCZ_expression/kME_eQTL/kME5/2.l2.ldscore.gz

Summary of LD Scores in /proj/hyejunglab/crossdisorder/LDSC/partherit/SCZ_expression/kME_eQTL/kME5/2.l2.ldscore.gz
         MAF        L2
mean  0.2384   21.2823
std   0.1431   42.7081
min   0.0051   -2.2092
25%   0.1125    0.1837
50%   0.2290    2.6289
75%   0.3620   19.7994
max   0.5000  386.1880

MAF/LD Score Correlation Matrix
        MAF      L2
MAF  1.0000  0.1199
L2   0.1199  1.0000

Annotation Correlation Matrix
      kME5
kME5   1.0

Annotation Matrix Column Sums
kME5    76467

Summary of Annotation Matrix Row Sums
count    839590.0000
mean          0.0911
std           0.2877
min           0.0000
25%           0.0000
50%           0.0000
75%           0.0000
max           1.0000
Analysis finished at Thu Apr 29 16:20:32 2021
Total time elapsed: 9.0m:35.15s
