*********************************************************************
* LD Score Regression (LDSC)
* Version 1.0.0
* (C) 2014-2015 Brendan Bulik-Sullivan and Hilary Finucane
* Broad Institute of MIT and Harvard / MIT Department of Mathematics
* GNU General Public License v3
*********************************************************************
Call: 
./ldsc.py \
--h2 /proj/hyejunglab/crossdisorder/LDSC/sumstat/scz3.sumstats.gz \
--ref-ld-chr /proj/hyejunglab/crossdisorder/LDSC/partherit/SCZ_expression/scRNA_eQTL/Ex-L5-6CCb/,/proj/hyejunglab/program/ldsc/LDSC/baselineLD_v1.1/baselineLD. \
--out /proj/hyejunglab/crossdisorder/LDSC/partherit/SCZ_expression/scRNA_eQTL/Ex-L5-6CCb/ \
--overlap-annot  \
--frqfile-chr /proj/hyejunglab/program/ldsc/LDSC/1000G_Phase3_frq/1000G.EUR.QC. \
--w-ld-chr /proj/hyejunglab/program/ldsc/LDSC/weights_hm3_no_hla/weights. 

Beginning analysis at Wed Apr 28 12:20:18 2021
Reading summary statistics from /proj/hyejunglab/crossdisorder/LDSC/sumstat/scz3.sumstats.gz ...
Read summary statistics for 1156183 SNPs.
Reading reference panel LD Score from /proj/hyejunglab/crossdisorder/LDSC/partherit/SCZ_expression/scRNA_eQTL/Ex-L5-6CCb/,/proj/hyejunglab/program/ldsc/LDSC/baselineLD_v1.1/baselineLD.[1-22] ...
Traceback (most recent call last):
  File "/proj/hyejunglab/program/ldsc/ldsc.py", line 644, in <module>
    sumstats.estimate_h2(args, log)
  File "/proj/hyejunglab/program/ldsc/ldscore/sumstats.py", line 326, in estimate_h2
    args, log, args.h2)
  File "/proj/hyejunglab/program/ldsc/ldscore/sumstats.py", line 243, in _read_ld_sumstats
    ref_ld = _read_ref_ld(args, log)
  File "/proj/hyejunglab/program/ldsc/ldscore/sumstats.py", line 82, in _read_ref_ld
    'reference panel LD Score', ps.ldscore_fromlist)
  File "/proj/hyejunglab/program/ldsc/ldscore/sumstats.py", line 152, in _read_chr_split_files
    out = parsefunc(_splitp(chr_arg), _N_CHR, **kwargs)
  File "/proj/hyejunglab/program/ldsc/ldscore/parse.py", line 93, in ldscore_fromlist
    y = ldscore(fh, num)
  File "/proj/hyejunglab/program/ldsc/ldscore/parse.py", line 137, in ldscore
    s, compression = which_compression(first_fh)
  File "/proj/hyejunglab/program/ldsc/ldscore/parse.py", line 43, in which_compression
    raise IOError('Could not open {F}[./gz/bz2]'.format(F=fh))
IOError: Could not open /proj/hyejunglab/crossdisorder/LDSC/partherit/SCZ_expression/scRNA_eQTL/Ex-L5-6CCb/1.l2.ldscore[./gz/bz2]

Analysis finished at Wed Apr 28 12:20:19 2021
Total time elapsed: 1.55s
