*********************************************************************
* LD Score Regression (LDSC)
* Version 1.0.0
* (C) 2014-2015 Brendan Bulik-Sullivan and Hilary Finucane
* Broad Institute of MIT and Harvard / MIT Department of Mathematics
* GNU General Public License v3
*********************************************************************
Call: 
./ldsc.py \
--print-snps /proj/hyejunglab/program/ldsc/LDSC/list.txt \
--ld-wind-cm 1.0 \
--out /proj/hyejunglab/crossdisorder/LDSC/partherit/SCZ_expression/kME_hiC/kME10/21 \
--bfile /proj/hyejunglab/program/ldsc/LDSC/1000G_EUR_Phase3_plink/1000G.EUR.QC.21 \
--annot /proj/hyejunglab/crossdisorder/LDSC/partherit/SCZ_expression/kME_hiC/kME10/21.annot.gz \
--l2  

Beginning analysis at Thu Apr 29 16:06:50 2021
Read list of 138712 SNPs from /proj/hyejunglab/program/ldsc/LDSC/1000G_EUR_Phase3_plink/1000G.EUR.QC.21.bim
Read 1 annotations for 138712 SNPs from /proj/hyejunglab/crossdisorder/LDSC/partherit/SCZ_expression/kME_hiC/kME10/21.annot.gz
Read list of 489 individuals from /proj/hyejunglab/program/ldsc/LDSC/1000G_EUR_Phase3_plink/1000G.EUR.QC.21.fam
Reading genotypes from /proj/hyejunglab/program/ldsc/LDSC/1000G_EUR_Phase3_plink/1000G.EUR.QC.21.bed
Estimating LD Score.
Reading list of 1190321 SNPs for which to print LD Scores from /proj/hyejunglab/program/ldsc/LDSC/list.txt
After merging with --print-snps, LD Scores for 17040 SNPs will be printed.
Writing LD Scores for 17040 SNPs to /proj/hyejunglab/crossdisorder/LDSC/partherit/SCZ_expression/kME_hiC/kME10/21.l2.ldscore.gz

Summary of LD Scores in /proj/hyejunglab/crossdisorder/LDSC/partherit/SCZ_expression/kME_hiC/kME10/21.l2.ldscore.gz
         MAF        L2
mean  0.2420   23.6125
std   0.1414   36.7822
min   0.0051   -0.5718
25%   0.1186    0.8319
50%   0.2321    9.2454
75%   0.3650   31.0107
max   0.5000  339.6171

MAF/LD Score Correlation Matrix
        MAF      L2
MAF  1.0000  0.1022
L2   0.1022  1.0000

Annotation Correlation Matrix
       kME10
kME10    1.0

Annotation Matrix Column Sums
kME10    31552

Summary of Annotation Matrix Row Sums
count    138712.0000
mean          0.2275
std           0.4192
min           0.0000
25%           0.0000
50%           0.0000
75%           0.0000
max           1.0000
Analysis finished at Thu Apr 29 16:07:57 2021
Total time elapsed: 1.0m:6.92s
