*********************************************************************
* LD Score Regression (LDSC)
* Version 1.0.0
* (C) 2014-2015 Brendan Bulik-Sullivan and Hilary Finucane
* Broad Institute of MIT and Harvard / MIT Department of Mathematics
* GNU General Public License v3
*********************************************************************
Call: 
./ldsc.py \
--print-snps /proj/hyejunglab/program/ldsc/LDSC/list.txt \
--ld-wind-cm 1.0 \
--out /proj/hyejunglab/crossdisorder/LDSC/partherit/SCZ_expression/kME_hiC/kME10/7 \
--bfile /proj/hyejunglab/program/ldsc/LDSC/1000G_EUR_Phase3_plink/1000G.EUR.QC.7 \
--annot /proj/hyejunglab/crossdisorder/LDSC/partherit/SCZ_expression/kME_hiC/kME10/7.annot.gz \
--l2  

Beginning analysis at Thu Apr 29 16:06:28 2021
Read list of 589569 SNPs from /proj/hyejunglab/program/ldsc/LDSC/1000G_EUR_Phase3_plink/1000G.EUR.QC.7.bim
Read 1 annotations for 589569 SNPs from /proj/hyejunglab/crossdisorder/LDSC/partherit/SCZ_expression/kME_hiC/kME10/7.annot.gz
Read list of 489 individuals from /proj/hyejunglab/program/ldsc/LDSC/1000G_EUR_Phase3_plink/1000G.EUR.QC.7.fam
Reading genotypes from /proj/hyejunglab/program/ldsc/LDSC/1000G_EUR_Phase3_plink/1000G.EUR.QC.7.bed
Estimating LD Score.
Reading list of 1190321 SNPs for which to print LD Scores from /proj/hyejunglab/program/ldsc/LDSC/list.txt
After merging with --print-snps, LD Scores for 66171 SNPs will be printed.
Writing LD Scores for 66171 SNPs to /proj/hyejunglab/crossdisorder/LDSC/partherit/SCZ_expression/kME_hiC/kME10/7.l2.ldscore.gz

Summary of LD Scores in /proj/hyejunglab/crossdisorder/LDSC/partherit/SCZ_expression/kME_hiC/kME10/7.l2.ldscore.gz
         MAF        L2
mean  0.2390   29.3019
std   0.1428   45.2421
min   0.0051   -1.8739
25%   0.1125    3.3841
50%   0.2301   12.9716
75%   0.3609   36.8589
max   0.5000  465.7641

MAF/LD Score Correlation Matrix
        MAF      L2
MAF  1.0000  0.0874
L2   0.0874  1.0000

Annotation Correlation Matrix
       kME10
kME10    1.0

Annotation Matrix Column Sums
kME10    130400

Summary of Annotation Matrix Row Sums
count    589569.0000
mean          0.2212
std           0.4150
min           0.0000
25%           0.0000
50%           0.0000
75%           0.0000
max           1.0000
Analysis finished at Thu Apr 29 16:10:36 2021
Total time elapsed: 4.0m:7.44s
