*********************************************************************
* LD Score Regression (LDSC)
* Version 1.0.0
* (C) 2014-2015 Brendan Bulik-Sullivan and Hilary Finucane
* Broad Institute of MIT and Harvard / MIT Department of Mathematics
* GNU General Public License v3
*********************************************************************
Call: 
./ldsc.py \
--print-snps /proj/hyejunglab/program/ldsc/LDSC/list.txt \
--ld-wind-cm 1.0 \
--out /proj/hyejunglab/crossdisorder/LDSC/partherit/SCZ_expression/CMC_coexp_HiC/M35c//22 \
--bfile /proj/hyejunglab/program/ldsc/LDSC/1000G_EUR_Phase3_plink/1000G.EUR.QC.22 \
--annot /proj/hyejunglab/crossdisorder/LDSC/partherit/SCZ_expression/CMC_coexp_HiC/M35c//22.annot.gz \
--l2  

Beginning analysis at Sun May  2 03:30:22 2021
Read list of 141123 SNPs from /proj/hyejunglab/program/ldsc/LDSC/1000G_EUR_Phase3_plink/1000G.EUR.QC.22.bim
Read 1 annotations for 141123 SNPs from /proj/hyejunglab/crossdisorder/LDSC/partherit/SCZ_expression/CMC_coexp_HiC/M35c//22.annot.gz
Read list of 489 individuals from /proj/hyejunglab/program/ldsc/LDSC/1000G_EUR_Phase3_plink/1000G.EUR.QC.22.fam
Reading genotypes from /proj/hyejunglab/program/ldsc/LDSC/1000G_EUR_Phase3_plink/1000G.EUR.QC.22.bed
Estimating LD Score.
Reading list of 1190321 SNPs for which to print LD Scores from /proj/hyejunglab/program/ldsc/LDSC/list.txt
After merging with --print-snps, LD Scores for 17489 SNPs will be printed.
Writing LD Scores for 17489 SNPs to /proj/hyejunglab/crossdisorder/LDSC/partherit/SCZ_expression/CMC_coexp_HiC/M35c//22.l2.ldscore.gz

Summary of LD Scores in /proj/hyejunglab/crossdisorder/LDSC/partherit/SCZ_expression/CMC_coexp_HiC/M35c//22.l2.ldscore.gz
         MAF   L2
mean  0.2366  0.0
std   0.1435  0.0
min   0.0051  0.0
25%   0.1094  0.0
50%   0.2280  0.0
75%   0.3579  0.0
max   0.5000  0.0

MAF/LD Score Correlation Matrix
     MAF  L2
MAF  1.0 NaN
L2   NaN NaN

Annotation Correlation Matrix
     deg
deg  NaN

Annotation Matrix Column Sums
deg    0

Summary of Annotation Matrix Row Sums
count    141123.0
mean          0.0
std           0.0
min           0.0
25%           0.0
50%           0.0
75%           0.0
max           0.0
Analysis finished at Sun May  2 03:31:04 2021
Total time elapsed: 41.37s
