*********************************************************************
* LD Score Regression (LDSC)
* Version 1.0.0
* (C) 2014-2015 Brendan Bulik-Sullivan and Hilary Finucane
* Broad Institute of MIT and Harvard / MIT Department of Mathematics
* GNU General Public License v3
*********************************************************************
Call: 
./ldsc.py \
--print-snps /proj/hyejunglab/program/ldsc/LDSC/list.txt \
--ld-wind-cm 1.0 \
--out /proj/hyejunglab/crossdisorder/LDSC/partherit/SCZ_expression/DET_coexp/isoM39//6 \
--bfile /proj/hyejunglab/program/ldsc/LDSC/1000G_EUR_Phase3_plink/1000G.EUR.QC.6 \
--annot /proj/hyejunglab/crossdisorder/LDSC/partherit/SCZ_expression/DET_coexp/isoM39//6.annot.gz \
--l2  

Beginning analysis at Mon Apr 26 03:19:23 2021
Read list of 664016 SNPs from /proj/hyejunglab/program/ldsc/LDSC/1000G_EUR_Phase3_plink/1000G.EUR.QC.6.bim
Read 1 annotations for 664016 SNPs from /proj/hyejunglab/crossdisorder/LDSC/partherit/SCZ_expression/DET_coexp/isoM39//6.annot.gz
Read list of 489 individuals from /proj/hyejunglab/program/ldsc/LDSC/1000G_EUR_Phase3_plink/1000G.EUR.QC.6.fam
Reading genotypes from /proj/hyejunglab/program/ldsc/LDSC/1000G_EUR_Phase3_plink/1000G.EUR.QC.6.bed
Estimating LD Score.
Reading list of 1190321 SNPs for which to print LD Scores from /proj/hyejunglab/program/ldsc/LDSC/list.txt
After merging with --print-snps, LD Scores for 75358 SNPs will be printed.
Writing LD Scores for 75358 SNPs to /proj/hyejunglab/crossdisorder/LDSC/partherit/SCZ_expression/DET_coexp/isoM39//6.l2.ldscore.gz

Summary of LD Scores in /proj/hyejunglab/crossdisorder/LDSC/partherit/SCZ_expression/DET_coexp/isoM39//6.l2.ldscore.gz
         MAF        L2
mean  0.2357    0.6365
std   0.1431   12.9279
min   0.0051   -1.1404
25%   0.1104    0.0000
50%   0.2249    0.0000
75%   0.3579    0.0000
max   0.5000  373.2313

MAF/LD Score Correlation Matrix
        MAF      L2
MAF  1.0000  0.0194
L2   0.0194  1.0000

Annotation Correlation Matrix
     det
det  1.0

Annotation Matrix Column Sums
det    679

Summary of Annotation Matrix Row Sums
count    664016.000
mean          0.001
std           0.032
min           0.000
25%           0.000
50%           0.000
75%           0.000
max           1.000
Analysis finished at Mon Apr 26 03:25:54 2021
Total time elapsed: 6.0m:30.6s
