*********************************************************************
* LD Score Regression (LDSC)
* Version 1.0.0
* (C) 2014-2015 Brendan Bulik-Sullivan and Hilary Finucane
* Broad Institute of MIT and Harvard / MIT Department of Mathematics
* GNU General Public License v3
*********************************************************************
Call: 
./ldsc.py \
--print-snps /proj/hyejunglab/program/ldsc/LDSC/list.txt \
--ld-wind-cm 1.0 \
--out /proj/hyejunglab/crossdisorder/LDSC/partherit/SCZ_expression/EX-L5-6/15 \
--bfile /proj/hyejunglab/program/ldsc/LDSC/1000G_EUR_Phase3_plink/1000G.EUR.QC.15 \
--annot /proj/hyejunglab/crossdisorder/LDSC/partherit/SCZ_expression/EX-L5-6/15.annot.gz \
--l2  

Beginning analysis at Fri Apr 23 21:56:34 2021
Read list of 287001 SNPs from /proj/hyejunglab/program/ldsc/LDSC/1000G_EUR_Phase3_plink/1000G.EUR.QC.15.bim
Read 1 annotations for 287001 SNPs from /proj/hyejunglab/crossdisorder/LDSC/partherit/SCZ_expression/EX-L5-6/15.annot.gz
Read list of 489 individuals from /proj/hyejunglab/program/ldsc/LDSC/1000G_EUR_Phase3_plink/1000G.EUR.QC.15.fam
Reading genotypes from /proj/hyejunglab/program/ldsc/LDSC/1000G_EUR_Phase3_plink/1000G.EUR.QC.15.bed
Estimating LD Score.
Reading list of 1190321 SNPs for which to print LD Scores from /proj/hyejunglab/program/ldsc/LDSC/list.txt
After merging with --print-snps, LD Scores for 35839 SNPs will be printed.
Writing LD Scores for 35839 SNPs to /proj/hyejunglab/crossdisorder/LDSC/partherit/SCZ_expression/EX-L5-6/15.l2.ldscore.gz

Summary of LD Scores in /proj/hyejunglab/crossdisorder/LDSC/partherit/SCZ_expression/EX-L5-6/15.l2.ldscore.gz
         MAF       L2
mean  0.2379   1.6293
std   0.1441   5.6531
min   0.0051  -0.3231
25%   0.1104   0.0000
50%   0.2270   0.0000
75%   0.3640   0.0478
max   0.5000  61.7595

MAF/LD Score Correlation Matrix
        MAF      L2
MAF  1.0000 -0.0343
L2  -0.0343  1.0000

Annotation Correlation Matrix
         Ex-L5-6
Ex-L5-6      1.0

Annotation Matrix Column Sums
Ex-L5-6    3445

Summary of Annotation Matrix Row Sums
count    287001.0000
mean          0.0120
std           0.1089
min           0.0000
25%           0.0000
50%           0.0000
75%           0.0000
max           1.0000
Analysis finished at Fri Apr 23 21:58:29 2021
Total time elapsed: 1.0m:55.82s
