*********************************************************************
* LD Score Regression (LDSC)
* Version 1.0.0
* (C) 2014-2015 Brendan Bulik-Sullivan and Hilary Finucane
* Broad Institute of MIT and Harvard / MIT Department of Mathematics
* GNU General Public License v3
*********************************************************************
Call: 
./ldsc.py \
--print-snps /proj/hyejunglab/program/ldsc/LDSC/list.txt \
--ld-wind-cm 1.0 \
--out /proj/hyejunglab/crossdisorder/LDSC/partherit/SCZ_expression/scRNA_eQTL/Ex-L5-6/8 \
--bfile /proj/hyejunglab/program/ldsc/LDSC/1000G_EUR_Phase3_plink/1000G.EUR.QC.8 \
--annot /proj/hyejunglab/crossdisorder/LDSC/partherit/SCZ_expression/scRNA_eQTL/Ex-L5-6/8.annot.gz \
--l2  

Beginning analysis at Tue Apr 27 19:17:06 2021
Read list of 549971 SNPs from /proj/hyejunglab/program/ldsc/LDSC/1000G_EUR_Phase3_plink/1000G.EUR.QC.8.bim
Read 1 annotations for 549971 SNPs from /proj/hyejunglab/crossdisorder/LDSC/partherit/SCZ_expression/scRNA_eQTL/Ex-L5-6/8.annot.gz
Read list of 489 individuals from /proj/hyejunglab/program/ldsc/LDSC/1000G_EUR_Phase3_plink/1000G.EUR.QC.8.fam
Reading genotypes from /proj/hyejunglab/program/ldsc/LDSC/1000G_EUR_Phase3_plink/1000G.EUR.QC.8.bed
Estimating LD Score.
Reading list of 1190321 SNPs for which to print LD Scores from /proj/hyejunglab/program/ldsc/LDSC/list.txt
After merging with --print-snps, LD Scores for 64975 SNPs will be printed.
Writing LD Scores for 64975 SNPs to /proj/hyejunglab/crossdisorder/LDSC/partherit/SCZ_expression/scRNA_eQTL/Ex-L5-6/8.l2.ldscore.gz

Summary of LD Scores in /proj/hyejunglab/crossdisorder/LDSC/partherit/SCZ_expression/scRNA_eQTL/Ex-L5-6/8.l2.ldscore.gz
         MAF        L2
mean  0.2380    4.2795
std   0.1431   20.8892
min   0.0051   -1.6219
25%   0.1115    0.0000
50%   0.2280    0.0043
75%   0.3609    0.4011
max   0.5000  492.5212

MAF/LD Score Correlation Matrix
        MAF      L2
MAF  1.0000  0.0618
L2   0.0618  1.0000

Annotation Correlation Matrix
         Ex-L5-6
Ex-L5-6      1.0

Annotation Matrix Column Sums
Ex-L5-6    7826

Summary of Annotation Matrix Row Sums
count    549971.0000
mean          0.0142
std           0.1184
min           0.0000
25%           0.0000
50%           0.0000
75%           0.0000
max           1.0000
Analysis finished at Tue Apr 27 19:21:11 2021
Total time elapsed: 4.0m:4.69s
