*********************************************************************
* LD Score Regression (LDSC)
* Version 1.0.0
* (C) 2014-2015 Brendan Bulik-Sullivan and Hilary Finucane
* Broad Institute of MIT and Harvard / MIT Department of Mathematics
* GNU General Public License v3
*********************************************************************
Call: 
./ldsc.py \
--print-snps /proj/hyejunglab/program/ldsc/LDSC/list.txt \
--ld-wind-cm 1.0 \
--out /proj/hyejunglab/crossdisorder/LDSC/partherit/SCZ_expression/OLI/6 \
--bfile /proj/hyejunglab/program/ldsc/LDSC/1000G_EUR_Phase3_plink/1000G.EUR.QC.6 \
--annot /proj/hyejunglab/crossdisorder/LDSC/partherit/SCZ_expression/OLI/6.annot.gz \
--l2  

Beginning analysis at Fri Apr 23 23:42:01 2021
Read list of 664016 SNPs from /proj/hyejunglab/program/ldsc/LDSC/1000G_EUR_Phase3_plink/1000G.EUR.QC.6.bim
Read 1 annotations for 664016 SNPs from /proj/hyejunglab/crossdisorder/LDSC/partherit/SCZ_expression/OLI/6.annot.gz
Read list of 489 individuals from /proj/hyejunglab/program/ldsc/LDSC/1000G_EUR_Phase3_plink/1000G.EUR.QC.6.fam
Reading genotypes from /proj/hyejunglab/program/ldsc/LDSC/1000G_EUR_Phase3_plink/1000G.EUR.QC.6.bed
Estimating LD Score.
Reading list of 1190321 SNPs for which to print LD Scores from /proj/hyejunglab/program/ldsc/LDSC/list.txt
After merging with --print-snps, LD Scores for 75358 SNPs will be printed.
Writing LD Scores for 75358 SNPs to /proj/hyejunglab/crossdisorder/LDSC/partherit/SCZ_expression/OLI/6.l2.ldscore.gz

Summary of LD Scores in /proj/hyejunglab/crossdisorder/LDSC/partherit/SCZ_expression/OLI/6.l2.ldscore.gz
         MAF        L2
mean  0.2357    0.4834
std   0.1431    4.7069
min   0.0051   -0.6829
25%   0.1104    0.0000
50%   0.2249    0.0000
75%   0.3579    0.0000
max   0.5000  159.2523

MAF/LD Score Correlation Matrix
        MAF      L2
MAF  1.0000  0.0008
L2   0.0008  1.0000

Annotation Correlation Matrix
     Oli
Oli  1.0

Annotation Matrix Column Sums
Oli    2435

Summary of Annotation Matrix Row Sums
count    664016.0000
mean          0.0037
std           0.0604
min           0.0000
25%           0.0000
50%           0.0000
75%           0.0000
max           1.0000
Analysis finished at Fri Apr 23 23:46:22 2021
Total time elapsed: 4.0m:20.2s
