*********************************************************************
* LD Score Regression (LDSC)
* Version 1.0.0
* (C) 2014-2015 Brendan Bulik-Sullivan and Hilary Finucane
* Broad Institute of MIT and Harvard / MIT Department of Mathematics
* GNU General Public License v3
*********************************************************************
Call: 
./ldsc.py \
--print-snps /proj/hyejunglab/program/ldsc/LDSC/list.txt \
--ld-wind-cm 1.0 \
--out /proj/hyejunglab/crossdisorder/LDSC/partherit/SCZ_expression/kTotal_eQTL/ktotal9/6 \
--bfile /proj/hyejunglab/program/ldsc/LDSC/1000G_EUR_Phase3_plink/1000G.EUR.QC.6 \
--annot /proj/hyejunglab/crossdisorder/LDSC/partherit/SCZ_expression/kTotal_eQTL/ktotal9/6.annot.gz \
--l2  

Beginning analysis at Fri Apr 30 01:43:12 2021
Read list of 664016 SNPs from /proj/hyejunglab/program/ldsc/LDSC/1000G_EUR_Phase3_plink/1000G.EUR.QC.6.bim
Read 1 annotations for 664016 SNPs from /proj/hyejunglab/crossdisorder/LDSC/partherit/SCZ_expression/kTotal_eQTL/ktotal9/6.annot.gz
Read list of 489 individuals from /proj/hyejunglab/program/ldsc/LDSC/1000G_EUR_Phase3_plink/1000G.EUR.QC.6.fam
Reading genotypes from /proj/hyejunglab/program/ldsc/LDSC/1000G_EUR_Phase3_plink/1000G.EUR.QC.6.bed
Estimating LD Score.
Reading list of 1190321 SNPs for which to print LD Scores from /proj/hyejunglab/program/ldsc/LDSC/list.txt
After merging with --print-snps, LD Scores for 75358 SNPs will be printed.
Writing LD Scores for 75358 SNPs to /proj/hyejunglab/crossdisorder/LDSC/partherit/SCZ_expression/kTotal_eQTL/ktotal9/6.l2.ldscore.gz

Summary of LD Scores in /proj/hyejunglab/crossdisorder/LDSC/partherit/SCZ_expression/kTotal_eQTL/ktotal9/6.l2.ldscore.gz
         MAF        L2
mean  0.2357   26.3915
std   0.1431   54.8830
min   0.0051   -2.3612
25%   0.1104    0.5421
50%   0.2249    4.2423
75%   0.3579   24.9399
max   0.5000  529.4463

MAF/LD Score Correlation Matrix
        MAF      L2
MAF  1.0000  0.1513
L2   0.1513  1.0000

Annotation Correlation Matrix
         ktotal9
ktotal9      1.0

Annotation Matrix Column Sums
ktotal9    64427

Summary of Annotation Matrix Row Sums
count    664016.000
mean          0.097
std           0.296
min           0.000
25%           0.000
50%           0.000
75%           0.000
max           1.000
Analysis finished at Fri Apr 30 01:49:54 2021
Total time elapsed: 6.0m:42.23s
