*********************************************************************
* LD Score Regression (LDSC)
* Version 1.0.0
* (C) 2014-2015 Brendan Bulik-Sullivan and Hilary Finucane
* Broad Institute of MIT and Harvard / MIT Department of Mathematics
* GNU General Public License v3
*********************************************************************
Call: 
./ldsc.py \
--print-snps /proj/hyejunglab/program/ldsc/LDSC/list.txt \
--ld-wind-cm 1.0 \
--out /proj/hyejunglab/crossdisorder/LDSC/partherit/SCZ_expression/kME_hiC/kME3/14 \
--bfile /proj/hyejunglab/program/ldsc/LDSC/1000G_EUR_Phase3_plink/1000G.EUR.QC.14 \
--annot /proj/hyejunglab/crossdisorder/LDSC/partherit/SCZ_expression/kME_hiC/kME3/14.annot.gz \
--l2  

Beginning analysis at Thu Apr 29 16:02:24 2021
Read list of 324698 SNPs from /proj/hyejunglab/program/ldsc/LDSC/1000G_EUR_Phase3_plink/1000G.EUR.QC.14.bim
Read 1 annotations for 324698 SNPs from /proj/hyejunglab/crossdisorder/LDSC/partherit/SCZ_expression/kME_hiC/kME3/14.annot.gz
Read list of 489 individuals from /proj/hyejunglab/program/ldsc/LDSC/1000G_EUR_Phase3_plink/1000G.EUR.QC.14.fam
Reading genotypes from /proj/hyejunglab/program/ldsc/LDSC/1000G_EUR_Phase3_plink/1000G.EUR.QC.14.bed
Estimating LD Score.
Reading list of 1190321 SNPs for which to print LD Scores from /proj/hyejunglab/program/ldsc/LDSC/list.txt
After merging with --print-snps, LD Scores for 39484 SNPs will be printed.
Writing LD Scores for 39484 SNPs to /proj/hyejunglab/crossdisorder/LDSC/partherit/SCZ_expression/kME_hiC/kME3/14.l2.ldscore.gz

Summary of LD Scores in /proj/hyejunglab/crossdisorder/LDSC/partherit/SCZ_expression/kME_hiC/kME3/14.l2.ldscore.gz
         MAF        L2
mean  0.2321   10.2683
std   0.1424   18.0876
min   0.0051   -0.8174
25%   0.1074    0.4156
50%   0.2198    2.5936
75%   0.3507   11.8961
max   0.5000  140.6511

MAF/LD Score Correlation Matrix
        MAF      L2
MAF  1.0000  0.0536
L2   0.0536  1.0000

Annotation Correlation Matrix
      kME3
kME3   1.0

Annotation Matrix Column Sums
kME3    26520

Summary of Annotation Matrix Row Sums
count    324698.0000
mean          0.0817
std           0.2739
min           0.0000
25%           0.0000
50%           0.0000
75%           0.0000
max           1.0000
Analysis finished at Thu Apr 29 16:07:10 2021
Total time elapsed: 4.0m:46.38s
