*********************************************************************
* LD Score Regression (LDSC)
* Version 1.0.0
* (C) 2014-2015 Brendan Bulik-Sullivan and Hilary Finucane
* Broad Institute of MIT and Harvard / MIT Department of Mathematics
* GNU General Public License v3
*********************************************************************
Call: 
./ldsc.py \
--print-snps /proj/hyejunglab/program/ldsc/LDSC/list.txt \
--ld-wind-cm 1.0 \
--out /proj/hyejunglab/crossdisorder/LDSC/partherit/SCZ_expression/scRNA_eQTL/Ex-L2-3/13 \
--bfile /proj/hyejunglab/program/ldsc/LDSC/1000G_EUR_Phase3_plink/1000G.EUR.QC.13 \
--annot /proj/hyejunglab/crossdisorder/LDSC/partherit/SCZ_expression/scRNA_eQTL/Ex-L2-3/13.annot.gz \
--l2  

Beginning analysis at Tue Apr 27 19:16:02 2021
Read list of 366200 SNPs from /proj/hyejunglab/program/ldsc/LDSC/1000G_EUR_Phase3_plink/1000G.EUR.QC.13.bim
Read 1 annotations for 366200 SNPs from /proj/hyejunglab/crossdisorder/LDSC/partherit/SCZ_expression/scRNA_eQTL/Ex-L2-3/13.annot.gz
Read list of 489 individuals from /proj/hyejunglab/program/ldsc/LDSC/1000G_EUR_Phase3_plink/1000G.EUR.QC.13.fam
Reading genotypes from /proj/hyejunglab/program/ldsc/LDSC/1000G_EUR_Phase3_plink/1000G.EUR.QC.13.bed
Estimating LD Score.
Reading list of 1190321 SNPs for which to print LD Scores from /proj/hyejunglab/program/ldsc/LDSC/list.txt
After merging with --print-snps, LD Scores for 45546 SNPs will be printed.
Writing LD Scores for 45546 SNPs to /proj/hyejunglab/crossdisorder/LDSC/partherit/SCZ_expression/scRNA_eQTL/Ex-L2-3/13.l2.ldscore.gz

Summary of LD Scores in /proj/hyejunglab/crossdisorder/LDSC/partherit/SCZ_expression/scRNA_eQTL/Ex-L2-3/13.l2.ldscore.gz
         MAF        L2
mean  0.2338    2.1975
std   0.1428   12.7697
min   0.0051   -0.6953
25%   0.1074    0.0000
50%   0.2209    0.0000
75%   0.3548    0.0902
max   0.5000  228.7444

MAF/LD Score Correlation Matrix
        MAF      L2
MAF  1.0000  0.0563
L2   0.0563  1.0000

Annotation Correlation Matrix
         Ex-L2-3
Ex-L2-3      1.0

Annotation Matrix Column Sums
Ex-L2-3    4323

Summary of Annotation Matrix Row Sums
count    366200.0000
mean          0.0118
std           0.1080
min           0.0000
25%           0.0000
50%           0.0000
75%           0.0000
max           1.0000
Analysis finished at Tue Apr 27 19:19:01 2021
Total time elapsed: 2.0m:58.96s
