*********************************************************************
* LD Score Regression (LDSC)
* Version 1.0.0
* (C) 2014-2015 Brendan Bulik-Sullivan and Hilary Finucane
* Broad Institute of MIT and Harvard / MIT Department of Mathematics
* GNU General Public License v3
*********************************************************************
Call: 
./ldsc.py \
--print-snps /proj/hyejunglab/program/ldsc/LDSC/list.txt \
--ld-wind-cm 1.0 \
--out /proj/hyejunglab/crossdisorder/LDSC/partherit/SCZ_expression/scRNA_eQTL/In-SST/7 \
--bfile /proj/hyejunglab/program/ldsc/LDSC/1000G_EUR_Phase3_plink/1000G.EUR.QC.7 \
--annot /proj/hyejunglab/crossdisorder/LDSC/partherit/SCZ_expression/scRNA_eQTL/In-SST/7.annot.gz \
--l2  

Beginning analysis at Tue Apr 27 19:20:29 2021
Read list of 589569 SNPs from /proj/hyejunglab/program/ldsc/LDSC/1000G_EUR_Phase3_plink/1000G.EUR.QC.7.bim
Read 1 annotations for 589569 SNPs from /proj/hyejunglab/crossdisorder/LDSC/partherit/SCZ_expression/scRNA_eQTL/In-SST/7.annot.gz
Read list of 489 individuals from /proj/hyejunglab/program/ldsc/LDSC/1000G_EUR_Phase3_plink/1000G.EUR.QC.7.fam
Reading genotypes from /proj/hyejunglab/program/ldsc/LDSC/1000G_EUR_Phase3_plink/1000G.EUR.QC.7.bed
Estimating LD Score.
Reading list of 1190321 SNPs for which to print LD Scores from /proj/hyejunglab/program/ldsc/LDSC/list.txt
After merging with --print-snps, LD Scores for 66171 SNPs will be printed.
Writing LD Scores for 66171 SNPs to /proj/hyejunglab/crossdisorder/LDSC/partherit/SCZ_expression/scRNA_eQTL/In-SST/7.l2.ldscore.gz

Summary of LD Scores in /proj/hyejunglab/crossdisorder/LDSC/partherit/SCZ_expression/scRNA_eQTL/In-SST/7.l2.ldscore.gz
         MAF        L2
mean  0.2390    9.9591
std   0.1428   47.8887
min   0.0051   -2.9644
25%   0.1125    0.0000
50%   0.2301    0.0622
75%   0.3609    1.5374
max   0.5000  642.9671

MAF/LD Score Correlation Matrix
        MAF      L2
MAF  1.0000  0.0445
L2   0.0445  1.0000

Annotation Correlation Matrix
        In-SST
In-SST     1.0

Annotation Matrix Column Sums
In-SST    19635

Summary of Annotation Matrix Row Sums
count    589569.0000
mean          0.0333
std           0.1794
min           0.0000
25%           0.0000
50%           0.0000
75%           0.0000
max           1.0000
Analysis finished at Tue Apr 27 19:25:52 2021
Total time elapsed: 5.0m:23.54s
