*********************************************************************
* LD Score Regression (LDSC)
* Version 1.0.0
* (C) 2014-2015 Brendan Bulik-Sullivan and Hilary Finucane
* Broad Institute of MIT and Harvard / MIT Department of Mathematics
* GNU General Public License v3
*********************************************************************
Call: 
./ldsc.py \
--print-snps /proj/hyejunglab/program/ldsc/LDSC/list.txt \
--ld-wind-cm 1.0 \
--out /proj/hyejunglab/crossdisorder/LDSC/partherit/SCZ_expression/kME_hiC/kME5/15 \
--bfile /proj/hyejunglab/program/ldsc/LDSC/1000G_EUR_Phase3_plink/1000G.EUR.QC.15 \
--annot /proj/hyejunglab/crossdisorder/LDSC/partherit/SCZ_expression/kME_hiC/kME5/15.annot.gz \
--l2  

Beginning analysis at Thu Apr 29 16:03:44 2021
Read list of 287001 SNPs from /proj/hyejunglab/program/ldsc/LDSC/1000G_EUR_Phase3_plink/1000G.EUR.QC.15.bim
Read 1 annotations for 287001 SNPs from /proj/hyejunglab/crossdisorder/LDSC/partherit/SCZ_expression/kME_hiC/kME5/15.annot.gz
Read list of 489 individuals from /proj/hyejunglab/program/ldsc/LDSC/1000G_EUR_Phase3_plink/1000G.EUR.QC.15.fam
Reading genotypes from /proj/hyejunglab/program/ldsc/LDSC/1000G_EUR_Phase3_plink/1000G.EUR.QC.15.bed
Estimating LD Score.
Reading list of 1190321 SNPs for which to print LD Scores from /proj/hyejunglab/program/ldsc/LDSC/list.txt
After merging with --print-snps, LD Scores for 35839 SNPs will be printed.
Writing LD Scores for 35839 SNPs to /proj/hyejunglab/crossdisorder/LDSC/partherit/SCZ_expression/kME_hiC/kME5/15.l2.ldscore.gz

Summary of LD Scores in /proj/hyejunglab/crossdisorder/LDSC/partherit/SCZ_expression/kME_hiC/kME5/15.l2.ldscore.gz
         MAF        L2
mean  0.2379   24.8103
std   0.1441   38.5132
min   0.0051   -2.9903
25%   0.1104    1.3661
50%   0.2270    9.3823
75%   0.3640   32.6308
max   0.5000  457.7894

MAF/LD Score Correlation Matrix
      MAF    L2
MAF  1.00  0.05
L2   0.05  1.00

Annotation Correlation Matrix
      kME5
kME5   1.0

Annotation Matrix Column Sums
kME5    54698

Summary of Annotation Matrix Row Sums
count    287001.0000
mean          0.1906
std           0.3928
min           0.0000
25%           0.0000
50%           0.0000
75%           0.0000
max           1.0000
Analysis finished at Thu Apr 29 16:06:44 2021
Total time elapsed: 2.0m:59.73s
