*********************************************************************
* LD Score Regression (LDSC)
* Version 1.0.0
* (C) 2014-2015 Brendan Bulik-Sullivan and Hilary Finucane
* Broad Institute of MIT and Harvard / MIT Department of Mathematics
* GNU General Public License v3
*********************************************************************
Call: 
./ldsc.py \
--print-snps /proj/hyejunglab/program/ldsc/LDSC/list.txt \
--ld-wind-cm 1.0 \
--out /proj/hyejunglab/crossdisorder/LDSC/partherit/SCZ_expression/kME_hiC/kME5/19 \
--bfile /proj/hyejunglab/program/ldsc/LDSC/1000G_EUR_Phase3_plink/1000G.EUR.QC.19 \
--annot /proj/hyejunglab/crossdisorder/LDSC/partherit/SCZ_expression/kME_hiC/kME5/19.annot.gz \
--l2  

Beginning analysis at Thu Apr 29 16:03:45 2021
Read list of 232363 SNPs from /proj/hyejunglab/program/ldsc/LDSC/1000G_EUR_Phase3_plink/1000G.EUR.QC.19.bim
Read 1 annotations for 232363 SNPs from /proj/hyejunglab/crossdisorder/LDSC/partherit/SCZ_expression/kME_hiC/kME5/19.annot.gz
Read list of 489 individuals from /proj/hyejunglab/program/ldsc/LDSC/1000G_EUR_Phase3_plink/1000G.EUR.QC.19.fam
Reading genotypes from /proj/hyejunglab/program/ldsc/LDSC/1000G_EUR_Phase3_plink/1000G.EUR.QC.19.bed
Estimating LD Score.
Reading list of 1190321 SNPs for which to print LD Scores from /proj/hyejunglab/program/ldsc/LDSC/list.txt
After merging with --print-snps, LD Scores for 22509 SNPs will be printed.
Writing LD Scores for 22509 SNPs to /proj/hyejunglab/crossdisorder/LDSC/partherit/SCZ_expression/kME_hiC/kME5/19.l2.ldscore.gz

Summary of LD Scores in /proj/hyejunglab/crossdisorder/LDSC/partherit/SCZ_expression/kME_hiC/kME5/19.l2.ldscore.gz
         MAF        L2
mean  0.2384   22.4554
std   0.1420   25.9272
min   0.0051   -0.5801
25%   0.1145    4.6473
50%   0.2342   13.5486
75%   0.3569   29.2865
max   0.5000  165.2239

MAF/LD Score Correlation Matrix
        MAF      L2
MAF  1.0000  0.0837
L2   0.0837  1.0000

Annotation Correlation Matrix
      kME5
kME5   1.0

Annotation Matrix Column Sums
kME5    49911

Summary of Annotation Matrix Row Sums
count    232363.0000
mean          0.2148
std           0.4107
min           0.0000
25%           0.0000
50%           0.0000
75%           0.0000
max           1.0000
Analysis finished at Thu Apr 29 16:06:13 2021
Total time elapsed: 2.0m:27.22s
