*********************************************************************
* LD Score Regression (LDSC)
* Version 1.0.0
* (C) 2014-2015 Brendan Bulik-Sullivan and Hilary Finucane
* Broad Institute of MIT and Harvard / MIT Department of Mathematics
* GNU General Public License v3
*********************************************************************
Call: 
./ldsc.py \
--print-snps /proj/hyejunglab/program/ldsc/LDSC/list.txt \
--ld-wind-cm 1.0 \
--out /proj/hyejunglab/crossdisorder/LDSC/partherit/SCZ_expression/DEG_coexp_HiC/geneM6//21 \
--bfile /proj/hyejunglab/program/ldsc/LDSC/1000G_EUR_Phase3_plink/1000G.EUR.QC.21 \
--annot /proj/hyejunglab/crossdisorder/LDSC/partherit/SCZ_expression/DEG_coexp_HiC/geneM6//21.annot.gz \
--l2  

Beginning analysis at Sun May  2 00:17:58 2021
Read list of 138712 SNPs from /proj/hyejunglab/program/ldsc/LDSC/1000G_EUR_Phase3_plink/1000G.EUR.QC.21.bim
Read 1 annotations for 138712 SNPs from /proj/hyejunglab/crossdisorder/LDSC/partherit/SCZ_expression/DEG_coexp_HiC/geneM6//21.annot.gz
Read list of 489 individuals from /proj/hyejunglab/program/ldsc/LDSC/1000G_EUR_Phase3_plink/1000G.EUR.QC.21.fam
Reading genotypes from /proj/hyejunglab/program/ldsc/LDSC/1000G_EUR_Phase3_plink/1000G.EUR.QC.21.bed
Estimating LD Score.
Reading list of 1190321 SNPs for which to print LD Scores from /proj/hyejunglab/program/ldsc/LDSC/list.txt
After merging with --print-snps, LD Scores for 17040 SNPs will be printed.
Writing LD Scores for 17040 SNPs to /proj/hyejunglab/crossdisorder/LDSC/partherit/SCZ_expression/DEG_coexp_HiC/geneM6//21.l2.ldscore.gz

Summary of LD Scores in /proj/hyejunglab/crossdisorder/LDSC/partherit/SCZ_expression/DEG_coexp_HiC/geneM6//21.l2.ldscore.gz
         MAF       L2
mean  0.2420   0.9668
std   0.1414   3.9702
min   0.0051  -0.2264
25%   0.1186   0.0000
50%   0.2321   0.0000
75%   0.3650   0.0265
max   0.5000  41.9667

MAF/LD Score Correlation Matrix
        MAF      L2
MAF  1.0000  0.0676
L2   0.0676  1.0000

Annotation Correlation Matrix
     deg
deg  1.0

Annotation Matrix Column Sums
deg    1136

Summary of Annotation Matrix Row Sums
count    138712.0000
mean          0.0082
std           0.0901
min           0.0000
25%           0.0000
50%           0.0000
75%           0.0000
max           1.0000
Analysis finished at Sun May  2 00:18:42 2021
Total time elapsed: 44.13s
