*********************************************************************
* LD Score Regression (LDSC)
* Version 1.0.0
* (C) 2014-2015 Brendan Bulik-Sullivan and Hilary Finucane
* Broad Institute of MIT and Harvard / MIT Department of Mathematics
* GNU General Public License v3
*********************************************************************
Call: 
./ldsc.py \
--print-snps /proj/hyejunglab/program/ldsc/LDSC/list.txt \
--ld-wind-cm 1.0 \
--out /proj/hyejunglab/crossdisorder/LDSC/partherit/SCZ_expression/kTotal_hiC/ktotal9/2 \
--bfile /proj/hyejunglab/program/ldsc/LDSC/1000G_EUR_Phase3_plink/1000G.EUR.QC.2 \
--annot /proj/hyejunglab/crossdisorder/LDSC/partherit/SCZ_expression/kTotal_hiC/ktotal9/2.annot.gz \
--l2  

Beginning analysis at Fri Apr 30 01:41:43 2021
Read list of 839590 SNPs from /proj/hyejunglab/program/ldsc/LDSC/1000G_EUR_Phase3_plink/1000G.EUR.QC.2.bim
Read 1 annotations for 839590 SNPs from /proj/hyejunglab/crossdisorder/LDSC/partherit/SCZ_expression/kTotal_hiC/ktotal9/2.annot.gz
Read list of 489 individuals from /proj/hyejunglab/program/ldsc/LDSC/1000G_EUR_Phase3_plink/1000G.EUR.QC.2.fam
Reading genotypes from /proj/hyejunglab/program/ldsc/LDSC/1000G_EUR_Phase3_plink/1000G.EUR.QC.2.bed
Estimating LD Score.
Reading list of 1190321 SNPs for which to print LD Scores from /proj/hyejunglab/program/ldsc/LDSC/list.txt
After merging with --print-snps, LD Scores for 99735 SNPs will be printed.
Writing LD Scores for 99735 SNPs to /proj/hyejunglab/crossdisorder/LDSC/partherit/SCZ_expression/kTotal_hiC/ktotal9/2.l2.ldscore.gz

Summary of LD Scores in /proj/hyejunglab/crossdisorder/LDSC/partherit/SCZ_expression/kTotal_hiC/ktotal9/2.l2.ldscore.gz
         MAF        L2
mean  0.2384   23.3152
std   0.1431   33.3389
min   0.0051   -0.9214
25%   0.1125    1.9107
50%   0.2290    9.7000
75%   0.3620   31.5521
max   0.5000  269.8856

MAF/LD Score Correlation Matrix
        MAF      L2
MAF  1.0000  0.0964
L2   0.0964  1.0000

Annotation Correlation Matrix
         ktotal9
ktotal9      1.0

Annotation Matrix Column Sums
ktotal9    143804

Summary of Annotation Matrix Row Sums
count    839590.0000
mean          0.1713
std           0.3768
min           0.0000
25%           0.0000
50%           0.0000
75%           0.0000
max           1.0000
Analysis finished at Fri Apr 30 01:46:58 2021
Total time elapsed: 5.0m:14.26s
