*********************************************************************
* LD Score Regression (LDSC)
* Version 1.0.0
* (C) 2014-2015 Brendan Bulik-Sullivan and Hilary Finucane
* Broad Institute of MIT and Harvard / MIT Department of Mathematics
* GNU General Public License v3
*********************************************************************
Call: 
./ldsc.py \
--print-snps /proj/hyejunglab/program/ldsc/LDSC/list.txt \
--ld-wind-cm 1.0 \
--out /proj/hyejunglab/crossdisorder/LDSC/partherit/SCZ_expression/kTotal_eQTL/ktotal10/5 \
--bfile /proj/hyejunglab/program/ldsc/LDSC/1000G_EUR_Phase3_plink/1000G.EUR.QC.5 \
--annot /proj/hyejunglab/crossdisorder/LDSC/partherit/SCZ_expression/kTotal_eQTL/ktotal10/5.annot.gz \
--l2  

Beginning analysis at Fri Apr 30 01:42:33 2021
Read list of 633015 SNPs from /proj/hyejunglab/program/ldsc/LDSC/1000G_EUR_Phase3_plink/1000G.EUR.QC.5.bim
Read 1 annotations for 633015 SNPs from /proj/hyejunglab/crossdisorder/LDSC/partherit/SCZ_expression/kTotal_eQTL/ktotal10/5.annot.gz
Read list of 489 individuals from /proj/hyejunglab/program/ldsc/LDSC/1000G_EUR_Phase3_plink/1000G.EUR.QC.5.fam
Reading genotypes from /proj/hyejunglab/program/ldsc/LDSC/1000G_EUR_Phase3_plink/1000G.EUR.QC.5.bed
Estimating LD Score.
Reading list of 1190321 SNPs for which to print LD Scores from /proj/hyejunglab/program/ldsc/LDSC/list.txt
After merging with --print-snps, LD Scores for 75164 SNPs will be printed.
Writing LD Scores for 75164 SNPs to /proj/hyejunglab/crossdisorder/LDSC/partherit/SCZ_expression/kTotal_eQTL/ktotal10/5.l2.ldscore.gz

Summary of LD Scores in /proj/hyejunglab/crossdisorder/LDSC/partherit/SCZ_expression/kTotal_eQTL/ktotal10/5.l2.ldscore.gz
         MAF        L2
mean  0.2369   23.8816
std   0.1421   52.5425
min   0.0051   -3.7848
25%   0.1125    0.2318
50%   0.2280    2.7332
75%   0.3569   20.7104
max   0.5000  571.9854

MAF/LD Score Correlation Matrix
        MAF      L2
MAF  1.0000  0.0961
L2   0.0961  1.0000

Annotation Correlation Matrix
          ktotal10
ktotal10       1.0

Annotation Matrix Column Sums
ktotal10    58105

Summary of Annotation Matrix Row Sums
count    633015.0000
mean          0.0918
std           0.2887
min           0.0000
25%           0.0000
50%           0.0000
75%           0.0000
max           1.0000
Analysis finished at Fri Apr 30 01:49:02 2021
Total time elapsed: 6.0m:28.37s
