*********************************************************************
* LD Score Regression (LDSC)
* Version 1.0.0
* (C) 2014-2015 Brendan Bulik-Sullivan and Hilary Finucane
* Broad Institute of MIT and Harvard / MIT Department of Mathematics
* GNU General Public License v3
*********************************************************************
Call: 
./ldsc.py \
--print-snps /proj/hyejunglab/program/ldsc/LDSC/list.txt \
--ld-wind-cm 1.0 \
--out /proj/hyejunglab/crossdisorder/LDSC/partherit/SCZ_expression/EX-L2-3/3 \
--bfile /proj/hyejunglab/program/ldsc/LDSC/1000G_EUR_Phase3_plink/1000G.EUR.QC.3 \
--annot /proj/hyejunglab/crossdisorder/LDSC/partherit/SCZ_expression/EX-L2-3/3.annot.gz \
--l2  

Beginning analysis at Fri Apr 23 21:05:36 2021
Read list of 706350 SNPs from /proj/hyejunglab/program/ldsc/LDSC/1000G_EUR_Phase3_plink/1000G.EUR.QC.3.bim
Read 1 annotations for 706350 SNPs from /proj/hyejunglab/crossdisorder/LDSC/partherit/SCZ_expression/EX-L2-3/3.annot.gz
Read list of 489 individuals from /proj/hyejunglab/program/ldsc/LDSC/1000G_EUR_Phase3_plink/1000G.EUR.QC.3.fam
Reading genotypes from /proj/hyejunglab/program/ldsc/LDSC/1000G_EUR_Phase3_plink/1000G.EUR.QC.3.bed
Estimating LD Score.
Reading list of 1190321 SNPs for which to print LD Scores from /proj/hyejunglab/program/ldsc/LDSC/list.txt
After merging with --print-snps, LD Scores for 83036 SNPs will be printed.
Writing LD Scores for 83036 SNPs to /proj/hyejunglab/crossdisorder/LDSC/partherit/SCZ_expression/EX-L2-3/3.l2.ldscore.gz

Summary of LD Scores in /proj/hyejunglab/crossdisorder/LDSC/partherit/SCZ_expression/EX-L2-3/3.l2.ldscore.gz
         MAF        L2
mean  0.2408    2.5312
std   0.1426    8.6911
min   0.0051   -0.5629
25%   0.1166    0.0000
50%   0.2321    0.0000
75%   0.3630    0.6253
max   0.5000  151.2075

MAF/LD Score Correlation Matrix
        MAF      L2
MAF  1.0000  0.0358
L2   0.0358  1.0000

Annotation Correlation Matrix
         Ex-L2-3
Ex-L2-3      1.0

Annotation Matrix Column Sums
Ex-L2-3    12707

Summary of Annotation Matrix Row Sums
count    706350.0000
mean          0.0180
std           0.1329
min           0.0000
25%           0.0000
50%           0.0000
75%           0.0000
max           1.0000
Analysis finished at Fri Apr 23 21:08:59 2021
Total time elapsed: 3.0m:22.51s
