*********************************************************************
* LD Score Regression (LDSC)
* Version 1.0.0
* (C) 2014-2015 Brendan Bulik-Sullivan and Hilary Finucane
* Broad Institute of MIT and Harvard / MIT Department of Mathematics
* GNU General Public License v3
*********************************************************************
Call: 
./ldsc.py \
--print-snps /proj/hyejunglab/program/ldsc/LDSC/list.txt \
--ld-wind-cm 1.0 \
--out /proj/hyejunglab/crossdisorder/LDSC/partherit/SCZ_expression/kME_eQTL/kME10/8 \
--bfile /proj/hyejunglab/program/ldsc/LDSC/1000G_EUR_Phase3_plink/1000G.EUR.QC.8 \
--annot /proj/hyejunglab/crossdisorder/LDSC/partherit/SCZ_expression/kME_eQTL/kME10/8.annot.gz \
--l2  

Beginning analysis at Thu Apr 29 16:07:10 2021
Read list of 549971 SNPs from /proj/hyejunglab/program/ldsc/LDSC/1000G_EUR_Phase3_plink/1000G.EUR.QC.8.bim
Read 1 annotations for 549971 SNPs from /proj/hyejunglab/crossdisorder/LDSC/partherit/SCZ_expression/kME_eQTL/kME10/8.annot.gz
Read list of 489 individuals from /proj/hyejunglab/program/ldsc/LDSC/1000G_EUR_Phase3_plink/1000G.EUR.QC.8.fam
Reading genotypes from /proj/hyejunglab/program/ldsc/LDSC/1000G_EUR_Phase3_plink/1000G.EUR.QC.8.bed
Estimating LD Score.
Reading list of 1190321 SNPs for which to print LD Scores from /proj/hyejunglab/program/ldsc/LDSC/list.txt
After merging with --print-snps, LD Scores for 64975 SNPs will be printed.
Writing LD Scores for 64975 SNPs to /proj/hyejunglab/crossdisorder/LDSC/partherit/SCZ_expression/kME_eQTL/kME10/8.l2.ldscore.gz

Summary of LD Scores in /proj/hyejunglab/crossdisorder/LDSC/partherit/SCZ_expression/kME_eQTL/kME10/8.l2.ldscore.gz
         MAF        L2
mean  0.2380   25.2028
std   0.1431   57.4627
min   0.0051   -2.0080
25%   0.1115    0.3601
50%   0.2280    2.7638
75%   0.3609   19.1590
max   0.5000  581.1307

MAF/LD Score Correlation Matrix
        MAF      L2
MAF  1.0000  0.1411
L2   0.1411  1.0000

Annotation Correlation Matrix
       kME10
kME10    1.0

Annotation Matrix Column Sums
kME10    51012

Summary of Annotation Matrix Row Sums
count    549971.0000
mean          0.0928
std           0.2901
min           0.0000
25%           0.0000
50%           0.0000
75%           0.0000
max           1.0000
Analysis finished at Thu Apr 29 16:11:11 2021
Total time elapsed: 4.0m:1.11s
