*********************************************************************
* LD Score Regression (LDSC)
* Version 1.0.0
* (C) 2014-2015 Brendan Bulik-Sullivan and Hilary Finucane
* Broad Institute of MIT and Harvard / MIT Department of Mathematics
* GNU General Public License v3
*********************************************************************
Call: 
./ldsc.py \
--print-snps /proj/hyejunglab/program/ldsc/LDSC/list.txt \
--ld-wind-cm 1.0 \
--out /proj/hyejunglab/crossdisorder/LDSC/partherit/SCZ_expression/DET_coexp/isoM1//19 \
--bfile /proj/hyejunglab/program/ldsc/LDSC/1000G_EUR_Phase3_plink/1000G.EUR.QC.19 \
--annot /proj/hyejunglab/crossdisorder/LDSC/partherit/SCZ_expression/DET_coexp/isoM1//19.annot.gz \
--l2  

Beginning analysis at Mon Apr 26 03:31:27 2021
Read list of 232363 SNPs from /proj/hyejunglab/program/ldsc/LDSC/1000G_EUR_Phase3_plink/1000G.EUR.QC.19.bim
Read 1 annotations for 232363 SNPs from /proj/hyejunglab/crossdisorder/LDSC/partherit/SCZ_expression/DET_coexp/isoM1//19.annot.gz
Read list of 489 individuals from /proj/hyejunglab/program/ldsc/LDSC/1000G_EUR_Phase3_plink/1000G.EUR.QC.19.fam
Reading genotypes from /proj/hyejunglab/program/ldsc/LDSC/1000G_EUR_Phase3_plink/1000G.EUR.QC.19.bed
Estimating LD Score.
Reading list of 1190321 SNPs for which to print LD Scores from /proj/hyejunglab/program/ldsc/LDSC/list.txt
After merging with --print-snps, LD Scores for 22509 SNPs will be printed.
Writing LD Scores for 22509 SNPs to /proj/hyejunglab/crossdisorder/LDSC/partherit/SCZ_expression/DET_coexp/isoM1//19.l2.ldscore.gz

Summary of LD Scores in /proj/hyejunglab/crossdisorder/LDSC/partherit/SCZ_expression/DET_coexp/isoM1//19.l2.ldscore.gz
         MAF        L2
mean  0.2384    1.6618
std   0.1420   15.8613
min   0.0051   -1.1261
25%   0.1145    0.0000
50%   0.2342    0.0000
75%   0.3569    0.0063
max   0.5000  260.8416

MAF/LD Score Correlation Matrix
        MAF      L2
MAF  1.0000  0.0566
L2   0.0566  1.0000

Annotation Correlation Matrix
     det
det  1.0

Annotation Matrix Column Sums
det    1227

Summary of Annotation Matrix Row Sums
count    232363.0000
mean          0.0053
std           0.0725
min           0.0000
25%           0.0000
50%           0.0000
75%           0.0000
max           1.0000
Analysis finished at Mon Apr 26 03:32:58 2021
Total time elapsed: 1.0m:31.48s
