*********************************************************************
* LD Score Regression (LDSC)
* Version 1.0.0
* (C) 2014-2015 Brendan Bulik-Sullivan and Hilary Finucane
* Broad Institute of MIT and Harvard / MIT Department of Mathematics
* GNU General Public License v3
*********************************************************************
Call: 
./ldsc.py \
--print-snps /proj/hyejunglab/program/ldsc/LDSC/list.txt \
--ld-wind-cm 1.0 \
--out /proj/hyejunglab/crossdisorder/LDSC/partherit/SCZ_expression/kTotal_eQTL/ktotal7/10 \
--bfile /proj/hyejunglab/program/ldsc/LDSC/1000G_EUR_Phase3_plink/1000G.EUR.QC.10 \
--annot /proj/hyejunglab/crossdisorder/LDSC/partherit/SCZ_expression/kTotal_eQTL/ktotal7/10.annot.gz \
--l2  

Beginning analysis at Fri Apr 30 01:44:33 2021
Read list of 510501 SNPs from /proj/hyejunglab/program/ldsc/LDSC/1000G_EUR_Phase3_plink/1000G.EUR.QC.10.bim
Read 1 annotations for 510501 SNPs from /proj/hyejunglab/crossdisorder/LDSC/partherit/SCZ_expression/kTotal_eQTL/ktotal7/10.annot.gz
Read list of 489 individuals from /proj/hyejunglab/program/ldsc/LDSC/1000G_EUR_Phase3_plink/1000G.EUR.QC.10.fam
Reading genotypes from /proj/hyejunglab/program/ldsc/LDSC/1000G_EUR_Phase3_plink/1000G.EUR.QC.10.bed
Estimating LD Score.
Reading list of 1190321 SNPs for which to print LD Scores from /proj/hyejunglab/program/ldsc/LDSC/list.txt
After merging with --print-snps, LD Scores for 64067 SNPs will be printed.
Writing LD Scores for 64067 SNPs to /proj/hyejunglab/crossdisorder/LDSC/partherit/SCZ_expression/kTotal_eQTL/ktotal7/10.l2.ldscore.gz

Summary of LD Scores in /proj/hyejunglab/crossdisorder/LDSC/partherit/SCZ_expression/kTotal_eQTL/ktotal7/10.l2.ldscore.gz
         MAF        L2
mean  0.2328   21.9413
std   0.1426   62.9622
min   0.0051   -5.0188
25%   0.1074    0.0972
50%   0.2198    1.9969
75%   0.3538   16.1524
max   0.5000  996.9152

MAF/LD Score Correlation Matrix
       MAF     L2
MAF  1.000  0.046
L2   0.046  1.000

Annotation Correlation Matrix
         ktotal7
ktotal7      1.0

Annotation Matrix Column Sums
ktotal7    46513

Summary of Annotation Matrix Row Sums
count    510501.0000
mean          0.0911
std           0.2878
min           0.0000
25%           0.0000
50%           0.0000
75%           0.0000
max           1.0000
Analysis finished at Fri Apr 30 01:50:24 2021
Total time elapsed: 5.0m:50.88s
