*********************************************************************
* LD Score Regression (LDSC)
* Version 1.0.0
* (C) 2014-2015 Brendan Bulik-Sullivan and Hilary Finucane
* Broad Institute of MIT and Harvard / MIT Department of Mathematics
* GNU General Public License v3
*********************************************************************
Call: 
./ldsc.py \
--print-snps /proj/hyejunglab/program/ldsc/LDSC/list.txt \
--ld-wind-cm 1.0 \
--out /proj/hyejunglab/crossdisorder/LDSC/partherit/SCZ_expression/kTotal_eQTL/ktotal7/20 \
--bfile /proj/hyejunglab/program/ldsc/LDSC/1000G_EUR_Phase3_plink/1000G.EUR.QC.20 \
--annot /proj/hyejunglab/crossdisorder/LDSC/partherit/SCZ_expression/kTotal_eQTL/ktotal7/20.annot.gz \
--l2  

Beginning analysis at Fri Apr 30 01:45:31 2021
Read list of 221626 SNPs from /proj/hyejunglab/program/ldsc/LDSC/1000G_EUR_Phase3_plink/1000G.EUR.QC.20.bim
Read 1 annotations for 221626 SNPs from /proj/hyejunglab/crossdisorder/LDSC/partherit/SCZ_expression/kTotal_eQTL/ktotal7/20.annot.gz
Read list of 489 individuals from /proj/hyejunglab/program/ldsc/LDSC/1000G_EUR_Phase3_plink/1000G.EUR.QC.20.fam
Reading genotypes from /proj/hyejunglab/program/ldsc/LDSC/1000G_EUR_Phase3_plink/1000G.EUR.QC.20.bed
Estimating LD Score.
Reading list of 1190321 SNPs for which to print LD Scores from /proj/hyejunglab/program/ldsc/LDSC/list.txt
After merging with --print-snps, LD Scores for 31101 SNPs will be printed.
Writing LD Scores for 31101 SNPs to /proj/hyejunglab/crossdisorder/LDSC/partherit/SCZ_expression/kTotal_eQTL/ktotal7/20.l2.ldscore.gz

Summary of LD Scores in /proj/hyejunglab/crossdisorder/LDSC/partherit/SCZ_expression/kTotal_eQTL/ktotal7/20.l2.ldscore.gz
         MAF        L2
mean  0.2344   16.3694
std   0.1427   45.3942
min   0.0051   -1.0371
25%   0.1074    0.0159
50%   0.2229    0.5480
75%   0.3558    7.5313
max   0.5000  374.1532

MAF/LD Score Correlation Matrix
        MAF      L2
MAF  1.0000  0.1215
L2   0.1215  1.0000

Annotation Correlation Matrix
         ktotal7
ktotal7      1.0

Annotation Matrix Column Sums
ktotal7    16881

Summary of Annotation Matrix Row Sums
count    221626.0000
mean          0.0762
std           0.2653
min           0.0000
25%           0.0000
50%           0.0000
75%           0.0000
max           1.0000
Analysis finished at Fri Apr 30 01:47:13 2021
Total time elapsed: 1.0m:41.72s
